The system is: Linux - 5.4.209-116.367.amzn2.x86_64 - x86_64
Compiling the C compiler identification source file "CMakeCCompilerId.c" succeeded.
Compiler: /contrib/bin/gcc 
Build flags: 
Id flags:  

The output was:
0


Compilation of the C compiler identification source "CMakeCCompilerId.c" produced "a.out"

The C compiler identification is GNU, found in "/home/project/cu_riscv32i_cycle_accurate/work/ia/llvm/build/CMakeFiles/3.17.3/CompilerIdC/a.out"

Compiling the CXX compiler identification source file "CMakeCXXCompilerId.cpp" succeeded.
Compiler: /contrib/bin/g++ 
Build flags: 
Id flags:  

The output was:
0


Compilation of the CXX compiler identification source "CMakeCXXCompilerId.cpp" produced "a.out"

The CXX compiler identification is GNU, found in "/home/project/cu_riscv32i_cycle_accurate/work/ia/llvm/build/CMakeFiles/3.17.3/CompilerIdCXX/a.out"

Checking whether the ASM compiler is GNU using "--version" matched "(GNU assembler)|(GCC)|(Free Software Foundation)":
gcc (GCC) 7.4.0
Copyright (C) 2017 Free Software Foundation, Inc.
This is free software; see the source for copying conditions.  There is NO
warranty; not even for MERCHANTABILITY or FITNESS FOR A PARTICULAR PURPOSE.

Determining if the C compiler works passed with the following output:
Change Dir: /home/project/cu_riscv32i_cycle_accurate/work/ia/llvm/build/CMakeFiles/CMakeTmp

Run Build Command(s):/contrib/bin/ninja cmTC_f20ce && [1/2] Building C object CMakeFiles/cmTC_f20ce.dir/testCCompiler.c.o
[2/2] Linking C executable cmTC_f20ce



Detecting C compiler ABI info compiled with the following output:
Change Dir: /home/project/cu_riscv32i_cycle_accurate/work/ia/llvm/build/CMakeFiles/CMakeTmp

Run Build Command(s):/contrib/bin/ninja cmTC_dd560 && [1/2] Building C object CMakeFiles/cmTC_dd560.dir/CMakeCCompilerABI.c.o
Using built-in specs.
COLLECT_GCC=/contrib/bin/gcc
Target: x86_64-linux-gnu
Configured with: ../../extract/gcc-7.4.0.tar.gz/gcc-7.4.0/configure --prefix=/home/jenkins/workspace/mm/maintenance/Bootstrap_contrib/r/Deb10-test-1/codasip-studio/install/contrib --enable-languages=c,c++ --enable-shared --enable-threads=posix --enable-checking=release --disable-libunwind-exceptions --enable-gnu-unique-object --enable-lto --disable-multilib --with-tune=generic --enable-bootstrap --build=x86_64-linux-gnu --host=x86_64-linux-gnu --target=x86_64-linux-gnu
Thread model: posix
gcc version 7.4.0 (GCC) 
COLLECT_GCC_OPTIONS='-v' '-o' 'CMakeFiles/cmTC_dd560.dir/CMakeCCompilerABI.c.o' '-c' '-mtune=generic' '-march=x86-64'
 /contrib/bin/../libexec/gcc/x86_64-linux-gnu/7.4.0/cc1 -quiet -v -imultiarch x86_64-linux-gnu -iprefix /contrib/bin/../lib/gcc/x86_64-linux-gnu/7.4.0/ /contrib/share/cmake-3.17/Modules/CMakeCCompilerABI.c -quiet -dumpbase CMakeCCompilerABI.c -mtune=generic -march=x86-64 -auxbase-strip CMakeFiles/cmTC_dd560.dir/CMakeCCompilerABI.c.o -version -o /tmp/cc0k038N.s
GNU C11 (GCC) version 7.4.0 (x86_64-linux-gnu)
	compiled by GNU C version 7.4.0, GMP version 6.1.0, MPFR version 3.1.4, MPC version 1.0.3, isl version isl-0.16.1-GMP

GGC heuristics: --param ggc-min-expand=100 --param ggc-min-heapsize=131072
ignoring nonexistent directory "/contrib/bin/../lib/gcc/x86_64-linux-gnu/7.4.0/../../../../x86_64-linux-gnu/include"
ignoring duplicate directory "/contrib/bin/../lib/gcc/../../lib/gcc/x86_64-linux-gnu/7.4.0/include"
ignoring nonexistent directory "/usr/local/include/x86_64-linux-gnu"
ignoring duplicate directory "/contrib/bin/../lib/gcc/../../lib/gcc/x86_64-linux-gnu/7.4.0/include-fixed"
ignoring nonexistent directory "/contrib/bin/../lib/gcc/../../lib/gcc/x86_64-linux-gnu/7.4.0/../../../../x86_64-linux-gnu/include"
#include "..." search starts here:
#include <...> search starts here:
 /contrib/bin/../lib/gcc/x86_64-linux-gnu/7.4.0/include
 /contrib/bin/../lib/gcc/x86_64-linux-gnu/7.4.0/include-fixed
 /usr/local/include
 /contrib/bin/../lib/gcc/../../include
 /usr/include/x86_64-linux-gnu
 /usr/include
End of search list.
GNU C11 (GCC) version 7.4.0 (x86_64-linux-gnu)
	compiled by GNU C version 7.4.0, GMP version 6.1.0, MPFR version 3.1.4, MPC version 1.0.3, isl version isl-0.16.1-GMP

GGC heuristics: --param ggc-min-expand=100 --param ggc-min-heapsize=131072
Compiler executable checksum: 560f3e63b9c72c16a0752cab23ee3b8f
COLLECT_GCC_OPTIONS='-v' '-o' 'CMakeFiles/cmTC_dd560.dir/CMakeCCompilerABI.c.o' '-c' '-mtune=generic' '-march=x86-64'
 /contrib/bin/../lib/gcc/x86_64-linux-gnu/7.4.0/../../../../x86_64-linux-gnu/bin/as -v --64 -o CMakeFiles/cmTC_dd560.dir/CMakeCCompilerABI.c.o /tmp/cc0k038N.s
GNU assembler version 2.30 (x86_64-linux-gnu) using BFD version (GNU Binutils) 2.30
COMPILER_PATH=/contrib/bin/../libexec/gcc/x86_64-linux-gnu/7.4.0/:/contrib/bin/../libexec/gcc/x86_64-linux-gnu/:/contrib/bin/../libexec/gcc/:/contrib/bin/../lib/gcc/x86_64-linux-gnu/7.4.0/../../../../x86_64-linux-gnu/bin/
LIBRARY_PATH=/contrib/bin/../lib/gcc/x86_64-linux-gnu/7.4.0/:/contrib/bin/../lib/gcc/x86_64-linux-gnu/:/contrib/bin/../lib/gcc/:/contrib/bin/../lib/gcc/x86_64-linux-gnu/7.4.0/../../../x86_64-linux-gnu/:/contrib/bin/../lib/gcc/x86_64-linux-gnu/7.4.0/../../../../lib64/:/lib/x86_64-linux-gnu/:/lib/../lib64/:/usr/lib/x86_64-linux-gnu/:/contrib/bin/../lib/gcc/x86_64-linux-gnu/7.4.0/../../../../x86_64-linux-gnu/lib/:/contrib/bin/../lib/gcc/x86_64-linux-gnu/7.4.0/../../../:/lib/:/usr/lib/
COLLECT_GCC_OPTIONS='-v' '-o' 'CMakeFiles/cmTC_dd560.dir/CMakeCCompilerABI.c.o' '-c' '-mtune=generic' '-march=x86-64'
[2/2] Linking C executable cmTC_dd560
Using built-in specs.
COLLECT_GCC=/contrib/bin/gcc
COLLECT_LTO_WRAPPER=/contrib/bin/../libexec/gcc/x86_64-linux-gnu/7.4.0/lto-wrapper
Target: x86_64-linux-gnu
Configured with: ../../extract/gcc-7.4.0.tar.gz/gcc-7.4.0/configure --prefix=/home/jenkins/workspace/mm/maintenance/Bootstrap_contrib/r/Deb10-test-1/codasip-studio/install/contrib --enable-languages=c,c++ --enable-shared --enable-threads=posix --enable-checking=release --disable-libunwind-exceptions --enable-gnu-unique-object --enable-lto --disable-multilib --with-tune=generic --enable-bootstrap --build=x86_64-linux-gnu --host=x86_64-linux-gnu --target=x86_64-linux-gnu
Thread model: posix
gcc version 7.4.0 (GCC) 
COMPILER_PATH=/contrib/bin/../libexec/gcc/x86_64-linux-gnu/7.4.0/:/contrib/bin/../libexec/gcc/x86_64-linux-gnu/:/contrib/bin/../libexec/gcc/:/contrib/bin/../lib/gcc/x86_64-linux-gnu/7.4.0/../../../../x86_64-linux-gnu/bin/
LIBRARY_PATH=/contrib/bin/../lib/gcc/x86_64-linux-gnu/7.4.0/:/contrib/bin/../lib/gcc/x86_64-linux-gnu/:/contrib/bin/../lib/gcc/:/contrib/bin/../lib/gcc/x86_64-linux-gnu/7.4.0/../../../x86_64-linux-gnu/:/contrib/bin/../lib/gcc/x86_64-linux-gnu/7.4.0/../../../../lib64/:/lib/x86_64-linux-gnu/:/lib/../lib64/:/usr/lib/x86_64-linux-gnu/:/contrib/bin/../lib/gcc/x86_64-linux-gnu/7.4.0/../../../../x86_64-linux-gnu/lib/:/contrib/bin/../lib/gcc/x86_64-linux-gnu/7.4.0/../../../:/lib/:/usr/lib/
COLLECT_GCC_OPTIONS='-static-libgcc' '-static-libstdc++' '-v' '-o' 'cmTC_dd560' '-mtune=generic' '-march=x86-64'
 /contrib/bin/../libexec/gcc/x86_64-linux-gnu/7.4.0/collect2 -plugin /contrib/bin/../libexec/gcc/x86_64-linux-gnu/7.4.0/liblto_plugin.so -plugin-opt=/contrib/bin/../libexec/gcc/x86_64-linux-gnu/7.4.0/lto-wrapper -plugin-opt=-fresolution=/tmp/ccMbOHnR.res -plugin-opt=-pass-through=-lgcc -plugin-opt=-pass-through=-lgcc_eh -plugin-opt=-pass-through=-lc -plugin-opt=-pass-through=-lgcc -plugin-opt=-pass-through=-lgcc_eh --eh-frame-hdr -m elf_x86_64 -dynamic-linker /lib64/ld-linux-x86-64.so.2 -o cmTC_dd560 /usr/lib/x86_64-linux-gnu/crt1.o /usr/lib/x86_64-linux-gnu/crti.o /contrib/bin/../lib/gcc/x86_64-linux-gnu/7.4.0/crtbegin.o -L/contrib/bin/../lib/gcc/x86_64-linux-gnu/7.4.0 -L/contrib/bin/../lib/gcc/x86_64-linux-gnu -L/contrib/bin/../lib/gcc -L/contrib/bin/../lib/gcc/x86_64-linux-gnu/7.4.0/../../../x86_64-linux-gnu -L/contrib/bin/../lib/gcc/x86_64-linux-gnu/7.4.0/../../../../lib64 -L/lib/x86_64-linux-gnu -L/lib/../lib64 -L/usr/lib/x86_64-linux-gnu -L/contrib/bin/../lib/gcc/x86_64-linux-gnu/7.4.0/../../../../x86_64-linux-gnu/lib -L/contrib/bin/../lib/gcc/x86_64-linux-gnu/7.4.0/../../.. CMakeFiles/cmTC_dd560.dir/CMakeCCompilerABI.c.o -lgcc -lgcc_eh -lc -lgcc -lgcc_eh /contrib/bin/../lib/gcc/x86_64-linux-gnu/7.4.0/crtend.o /usr/lib/x86_64-linux-gnu/crtn.o
COLLECT_GCC_OPTIONS='-static-libgcc' '-static-libstdc++' '-v' '-o' 'cmTC_dd560' '-mtune=generic' '-march=x86-64'



Parsed C implicit include dir info from above output: rv=done
  found start of include info
  found start of implicit include info
    add: [/contrib/bin/../lib/gcc/x86_64-linux-gnu/7.4.0/include]
    add: [/contrib/bin/../lib/gcc/x86_64-linux-gnu/7.4.0/include-fixed]
    add: [/usr/local/include]
    add: [/contrib/bin/../lib/gcc/../../include]
    add: [/usr/include/x86_64-linux-gnu]
    add: [/usr/include]
  end of search list found
  collapse include dir [/contrib/bin/../lib/gcc/x86_64-linux-gnu/7.4.0/include] ==> [/contrib/lib/gcc/x86_64-linux-gnu/7.4.0/include]
  collapse include dir [/contrib/bin/../lib/gcc/x86_64-linux-gnu/7.4.0/include-fixed] ==> [/contrib/lib/gcc/x86_64-linux-gnu/7.4.0/include-fixed]
  collapse include dir [/usr/local/include] ==> [/usr/local/include]
  collapse include dir [/contrib/bin/../lib/gcc/../../include] ==> [/contrib/include]
  collapse include dir [/usr/include/x86_64-linux-gnu] ==> [/usr/include/x86_64-linux-gnu]
  collapse include dir [/usr/include] ==> [/usr/include]
  implicit include dirs: [/contrib/lib/gcc/x86_64-linux-gnu/7.4.0/include;/contrib/lib/gcc/x86_64-linux-gnu/7.4.0/include-fixed;/usr/local/include;/contrib/include;/usr/include/x86_64-linux-gnu;/usr/include]


Parsed C implicit link information from above output:
  link line regex: [^( *|.*[/\])(ld|CMAKE_LINK_STARTFILE-NOTFOUND|([^/\]+-)?ld|collect2)[^/\]*( |$)]
  ignore line: [Change Dir: /home/project/cu_riscv32i_cycle_accurate/work/ia/llvm/build/CMakeFiles/CMakeTmp]
  ignore line: []
  ignore line: [Run Build Command(s):/contrib/bin/ninja cmTC_dd560 && [1/2] Building C object CMakeFiles/cmTC_dd560.dir/CMakeCCompilerABI.c.o]
  ignore line: [Using built-in specs.]
  ignore line: [COLLECT_GCC=/contrib/bin/gcc]
  ignore line: [Target: x86_64-linux-gnu]
  ignore line: [Configured with: ../../extract/gcc-7.4.0.tar.gz/gcc-7.4.0/configure --prefix=/home/jenkins/workspace/mm/maintenance/Bootstrap_contrib/r/Deb10-test-1/codasip-studio/install/contrib --enable-languages=c c++ --enable-shared --enable-threads=posix --enable-checking=release --disable-libunwind-exceptions --enable-gnu-unique-object --enable-lto --disable-multilib --with-tune=generic --enable-bootstrap --build=x86_64-linux-gnu --host=x86_64-linux-gnu --target=x86_64-linux-gnu]
  ignore line: [Thread model: posix]
  ignore line: [gcc version 7.4.0 (GCC) ]
  ignore line: [COLLECT_GCC_OPTIONS='-v' '-o' 'CMakeFiles/cmTC_dd560.dir/CMakeCCompilerABI.c.o' '-c' '-mtune=generic' '-march=x86-64']
  ignore line: [ /contrib/bin/../libexec/gcc/x86_64-linux-gnu/7.4.0/cc1 -quiet -v -imultiarch x86_64-linux-gnu -iprefix /contrib/bin/../lib/gcc/x86_64-linux-gnu/7.4.0/ /contrib/share/cmake-3.17/Modules/CMakeCCompilerABI.c -quiet -dumpbase CMakeCCompilerABI.c -mtune=generic -march=x86-64 -auxbase-strip CMakeFiles/cmTC_dd560.dir/CMakeCCompilerABI.c.o -version -o /tmp/cc0k038N.s]
  ignore line: [GNU C11 (GCC) version 7.4.0 (x86_64-linux-gnu)]
  ignore line: [	compiled by GNU C version 7.4.0  GMP version 6.1.0  MPFR version 3.1.4  MPC version 1.0.3  isl version isl-0.16.1-GMP]
  ignore line: []
  ignore line: [GGC heuristics: --param ggc-min-expand=100 --param ggc-min-heapsize=131072]
  ignore line: [ignoring nonexistent directory "/contrib/bin/../lib/gcc/x86_64-linux-gnu/7.4.0/../../../../x86_64-linux-gnu/include"]
  ignore line: [ignoring duplicate directory "/contrib/bin/../lib/gcc/../../lib/gcc/x86_64-linux-gnu/7.4.0/include"]
  ignore line: [ignoring nonexistent directory "/usr/local/include/x86_64-linux-gnu"]
  ignore line: [ignoring duplicate directory "/contrib/bin/../lib/gcc/../../lib/gcc/x86_64-linux-gnu/7.4.0/include-fixed"]
  ignore line: [ignoring nonexistent directory "/contrib/bin/../lib/gcc/../../lib/gcc/x86_64-linux-gnu/7.4.0/../../../../x86_64-linux-gnu/include"]
  ignore line: [#include "..." search starts here:]
  ignore line: [#include <...> search starts here:]
  ignore line: [ /contrib/bin/../lib/gcc/x86_64-linux-gnu/7.4.0/include]
  ignore line: [ /contrib/bin/../lib/gcc/x86_64-linux-gnu/7.4.0/include-fixed]
  ignore line: [ /usr/local/include]
  ignore line: [ /contrib/bin/../lib/gcc/../../include]
  ignore line: [ /usr/include/x86_64-linux-gnu]
  ignore line: [ /usr/include]
  ignore line: [End of search list.]
  ignore line: [GNU C11 (GCC) version 7.4.0 (x86_64-linux-gnu)]
  ignore line: [	compiled by GNU C version 7.4.0  GMP version 6.1.0  MPFR version 3.1.4  MPC version 1.0.3  isl version isl-0.16.1-GMP]
  ignore line: []
  ignore line: [GGC heuristics: --param ggc-min-expand=100 --param ggc-min-heapsize=131072]
  ignore line: [Compiler executable checksum: 560f3e63b9c72c16a0752cab23ee3b8f]
  ignore line: [COLLECT_GCC_OPTIONS='-v' '-o' 'CMakeFiles/cmTC_dd560.dir/CMakeCCompilerABI.c.o' '-c' '-mtune=generic' '-march=x86-64']
  ignore line: [ /contrib/bin/../lib/gcc/x86_64-linux-gnu/7.4.0/../../../../x86_64-linux-gnu/bin/as -v --64 -o CMakeFiles/cmTC_dd560.dir/CMakeCCompilerABI.c.o /tmp/cc0k038N.s]
  ignore line: [GNU assembler version 2.30 (x86_64-linux-gnu) using BFD version (GNU Binutils) 2.30]
  ignore line: [COMPILER_PATH=/contrib/bin/../libexec/gcc/x86_64-linux-gnu/7.4.0/:/contrib/bin/../libexec/gcc/x86_64-linux-gnu/:/contrib/bin/../libexec/gcc/:/contrib/bin/../lib/gcc/x86_64-linux-gnu/7.4.0/../../../../x86_64-linux-gnu/bin/]
  ignore line: [LIBRARY_PATH=/contrib/bin/../lib/gcc/x86_64-linux-gnu/7.4.0/:/contrib/bin/../lib/gcc/x86_64-linux-gnu/:/contrib/bin/../lib/gcc/:/contrib/bin/../lib/gcc/x86_64-linux-gnu/7.4.0/../../../x86_64-linux-gnu/:/contrib/bin/../lib/gcc/x86_64-linux-gnu/7.4.0/../../../../lib64/:/lib/x86_64-linux-gnu/:/lib/../lib64/:/usr/lib/x86_64-linux-gnu/:/contrib/bin/../lib/gcc/x86_64-linux-gnu/7.4.0/../../../../x86_64-linux-gnu/lib/:/contrib/bin/../lib/gcc/x86_64-linux-gnu/7.4.0/../../../:/lib/:/usr/lib/]
  ignore line: [COLLECT_GCC_OPTIONS='-v' '-o' 'CMakeFiles/cmTC_dd560.dir/CMakeCCompilerABI.c.o' '-c' '-mtune=generic' '-march=x86-64']
  ignore line: [[2/2] Linking C executable cmTC_dd560]
  ignore line: [Using built-in specs.]
  ignore line: [COLLECT_GCC=/contrib/bin/gcc]
  ignore line: [COLLECT_LTO_WRAPPER=/contrib/bin/../libexec/gcc/x86_64-linux-gnu/7.4.0/lto-wrapper]
  ignore line: [Target: x86_64-linux-gnu]
  ignore line: [Configured with: ../../extract/gcc-7.4.0.tar.gz/gcc-7.4.0/configure --prefix=/home/jenkins/workspace/mm/maintenance/Bootstrap_contrib/r/Deb10-test-1/codasip-studio/install/contrib --enable-languages=c c++ --enable-shared --enable-threads=posix --enable-checking=release --disable-libunwind-exceptions --enable-gnu-unique-object --enable-lto --disable-multilib --with-tune=generic --enable-bootstrap --build=x86_64-linux-gnu --host=x86_64-linux-gnu --target=x86_64-linux-gnu]
  ignore line: [Thread model: posix]
  ignore line: [gcc version 7.4.0 (GCC) ]
  ignore line: [COMPILER_PATH=/contrib/bin/../libexec/gcc/x86_64-linux-gnu/7.4.0/:/contrib/bin/../libexec/gcc/x86_64-linux-gnu/:/contrib/bin/../libexec/gcc/:/contrib/bin/../lib/gcc/x86_64-linux-gnu/7.4.0/../../../../x86_64-linux-gnu/bin/]
  ignore line: [LIBRARY_PATH=/contrib/bin/../lib/gcc/x86_64-linux-gnu/7.4.0/:/contrib/bin/../lib/gcc/x86_64-linux-gnu/:/contrib/bin/../lib/gcc/:/contrib/bin/../lib/gcc/x86_64-linux-gnu/7.4.0/../../../x86_64-linux-gnu/:/contrib/bin/../lib/gcc/x86_64-linux-gnu/7.4.0/../../../../lib64/:/lib/x86_64-linux-gnu/:/lib/../lib64/:/usr/lib/x86_64-linux-gnu/:/contrib/bin/../lib/gcc/x86_64-linux-gnu/7.4.0/../../../../x86_64-linux-gnu/lib/:/contrib/bin/../lib/gcc/x86_64-linux-gnu/7.4.0/../../../:/lib/:/usr/lib/]
  ignore line: [COLLECT_GCC_OPTIONS='-static-libgcc' '-static-libstdc++' '-v' '-o' 'cmTC_dd560' '-mtune=generic' '-march=x86-64']
  link line: [ /contrib/bin/../libexec/gcc/x86_64-linux-gnu/7.4.0/collect2 -plugin /contrib/bin/../libexec/gcc/x86_64-linux-gnu/7.4.0/liblto_plugin.so -plugin-opt=/contrib/bin/../libexec/gcc/x86_64-linux-gnu/7.4.0/lto-wrapper -plugin-opt=-fresolution=/tmp/ccMbOHnR.res -plugin-opt=-pass-through=-lgcc -plugin-opt=-pass-through=-lgcc_eh -plugin-opt=-pass-through=-lc -plugin-opt=-pass-through=-lgcc -plugin-opt=-pass-through=-lgcc_eh --eh-frame-hdr -m elf_x86_64 -dynamic-linker /lib64/ld-linux-x86-64.so.2 -o cmTC_dd560 /usr/lib/x86_64-linux-gnu/crt1.o /usr/lib/x86_64-linux-gnu/crti.o /contrib/bin/../lib/gcc/x86_64-linux-gnu/7.4.0/crtbegin.o -L/contrib/bin/../lib/gcc/x86_64-linux-gnu/7.4.0 -L/contrib/bin/../lib/gcc/x86_64-linux-gnu -L/contrib/bin/../lib/gcc -L/contrib/bin/../lib/gcc/x86_64-linux-gnu/7.4.0/../../../x86_64-linux-gnu -L/contrib/bin/../lib/gcc/x86_64-linux-gnu/7.4.0/../../../../lib64 -L/lib/x86_64-linux-gnu -L/lib/../lib64 -L/usr/lib/x86_64-linux-gnu -L/contrib/bin/../lib/gcc/x86_64-linux-gnu/7.4.0/../../../../x86_64-linux-gnu/lib -L/contrib/bin/../lib/gcc/x86_64-linux-gnu/7.4.0/../../.. CMakeFiles/cmTC_dd560.dir/CMakeCCompilerABI.c.o -lgcc -lgcc_eh -lc -lgcc -lgcc_eh /contrib/bin/../lib/gcc/x86_64-linux-gnu/7.4.0/crtend.o /usr/lib/x86_64-linux-gnu/crtn.o]
    arg [/contrib/bin/../libexec/gcc/x86_64-linux-gnu/7.4.0/collect2] ==> ignore
    arg [-plugin] ==> ignore
    arg [/contrib/bin/../libexec/gcc/x86_64-linux-gnu/7.4.0/liblto_plugin.so] ==> ignore
    arg [-plugin-opt=/contrib/bin/../libexec/gcc/x86_64-linux-gnu/7.4.0/lto-wrapper] ==> ignore
    arg [-plugin-opt=-fresolution=/tmp/ccMbOHnR.res] ==> ignore
    arg [-plugin-opt=-pass-through=-lgcc] ==> ignore
    arg [-plugin-opt=-pass-through=-lgcc_eh] ==> ignore
    arg [-plugin-opt=-pass-through=-lc] ==> ignore
    arg [-plugin-opt=-pass-through=-lgcc] ==> ignore
    arg [-plugin-opt=-pass-through=-lgcc_eh] ==> ignore
    arg [--eh-frame-hdr] ==> ignore
    arg [-m] ==> ignore
    arg [elf_x86_64] ==> ignore
    arg [-dynamic-linker] ==> ignore
    arg [/lib64/ld-linux-x86-64.so.2] ==> ignore
    arg [-o] ==> ignore
    arg [cmTC_dd560] ==> ignore
    arg [/usr/lib/x86_64-linux-gnu/crt1.o] ==> ignore
    arg [/usr/lib/x86_64-linux-gnu/crti.o] ==> ignore
    arg [/contrib/bin/../lib/gcc/x86_64-linux-gnu/7.4.0/crtbegin.o] ==> ignore
    arg [-L/contrib/bin/../lib/gcc/x86_64-linux-gnu/7.4.0] ==> dir [/contrib/bin/../lib/gcc/x86_64-linux-gnu/7.4.0]
    arg [-L/contrib/bin/../lib/gcc/x86_64-linux-gnu] ==> dir [/contrib/bin/../lib/gcc/x86_64-linux-gnu]
    arg [-L/contrib/bin/../lib/gcc] ==> dir [/contrib/bin/../lib/gcc]
    arg [-L/contrib/bin/../lib/gcc/x86_64-linux-gnu/7.4.0/../../../x86_64-linux-gnu] ==> dir [/contrib/bin/../lib/gcc/x86_64-linux-gnu/7.4.0/../../../x86_64-linux-gnu]
    arg [-L/contrib/bin/../lib/gcc/x86_64-linux-gnu/7.4.0/../../../../lib64] ==> dir [/contrib/bin/../lib/gcc/x86_64-linux-gnu/7.4.0/../../../../lib64]
    arg [-L/lib/x86_64-linux-gnu] ==> dir [/lib/x86_64-linux-gnu]
    arg [-L/lib/../lib64] ==> dir [/lib/../lib64]
    arg [-L/usr/lib/x86_64-linux-gnu] ==> dir [/usr/lib/x86_64-linux-gnu]
    arg [-L/contrib/bin/../lib/gcc/x86_64-linux-gnu/7.4.0/../../../../x86_64-linux-gnu/lib] ==> dir [/contrib/bin/../lib/gcc/x86_64-linux-gnu/7.4.0/../../../../x86_64-linux-gnu/lib]
    arg [-L/contrib/bin/../lib/gcc/x86_64-linux-gnu/7.4.0/../../..] ==> dir [/contrib/bin/../lib/gcc/x86_64-linux-gnu/7.4.0/../../..]
    arg [CMakeFiles/cmTC_dd560.dir/CMakeCCompilerABI.c.o] ==> ignore
    arg [-lgcc] ==> lib [gcc]
    arg [-lgcc_eh] ==> lib [gcc_eh]
    arg [-lc] ==> lib [c]
    arg [-lgcc] ==> lib [gcc]
    arg [-lgcc_eh] ==> lib [gcc_eh]
    arg [/contrib/bin/../lib/gcc/x86_64-linux-gnu/7.4.0/crtend.o] ==> ignore
    arg [/usr/lib/x86_64-linux-gnu/crtn.o] ==> ignore
  remove lib [gcc_eh]
  remove lib [gcc_eh]
  collapse library dir [/contrib/bin/../lib/gcc/x86_64-linux-gnu/7.4.0] ==> [/contrib/lib/gcc/x86_64-linux-gnu/7.4.0]
  collapse library dir [/contrib/bin/../lib/gcc/x86_64-linux-gnu] ==> [/contrib/lib/gcc/x86_64-linux-gnu]
  collapse library dir [/contrib/bin/../lib/gcc] ==> [/contrib/lib/gcc]
  collapse library dir [/contrib/bin/../lib/gcc/x86_64-linux-gnu/7.4.0/../../../x86_64-linux-gnu] ==> [/contrib/lib/x86_64-linux-gnu]
  collapse library dir [/contrib/bin/../lib/gcc/x86_64-linux-gnu/7.4.0/../../../../lib64] ==> [/contrib/lib64]
  collapse library dir [/lib/x86_64-linux-gnu] ==> [/lib/x86_64-linux-gnu]
  collapse library dir [/lib/../lib64] ==> [/lib64]
  collapse library dir [/usr/lib/x86_64-linux-gnu] ==> [/usr/lib/x86_64-linux-gnu]
  collapse library dir [/contrib/bin/../lib/gcc/x86_64-linux-gnu/7.4.0/../../../../x86_64-linux-gnu/lib] ==> [/contrib/x86_64-linux-gnu/lib]
  collapse library dir [/contrib/bin/../lib/gcc/x86_64-linux-gnu/7.4.0/../../..] ==> [/contrib/lib]
  implicit libs: [gcc;c;gcc]
  implicit dirs: [/contrib/lib/gcc/x86_64-linux-gnu/7.4.0;/contrib/lib/gcc/x86_64-linux-gnu;/contrib/lib/gcc;/contrib/lib/x86_64-linux-gnu;/contrib/lib64;/lib/x86_64-linux-gnu;/lib64;/usr/lib/x86_64-linux-gnu;/contrib/x86_64-linux-gnu/lib;/contrib/lib]
  implicit fwks: []


Determining if the CXX compiler works passed with the following output:
Change Dir: /home/project/cu_riscv32i_cycle_accurate/work/ia/llvm/build/CMakeFiles/CMakeTmp

Run Build Command(s):/contrib/bin/ninja cmTC_61ee1 && [1/2] Building CXX object CMakeFiles/cmTC_61ee1.dir/testCXXCompiler.cxx.o
[2/2] Linking CXX executable cmTC_61ee1



Detecting CXX compiler ABI info compiled with the following output:
Change Dir: /home/project/cu_riscv32i_cycle_accurate/work/ia/llvm/build/CMakeFiles/CMakeTmp

Run Build Command(s):/contrib/bin/ninja cmTC_97784 && [1/2] Building CXX object CMakeFiles/cmTC_97784.dir/CMakeCXXCompilerABI.cpp.o
Using built-in specs.
COLLECT_GCC=/contrib/bin/g++
Target: x86_64-linux-gnu
Configured with: ../../extract/gcc-7.4.0.tar.gz/gcc-7.4.0/configure --prefix=/home/jenkins/workspace/mm/maintenance/Bootstrap_contrib/r/Deb10-test-1/codasip-studio/install/contrib --enable-languages=c,c++ --enable-shared --enable-threads=posix --enable-checking=release --disable-libunwind-exceptions --enable-gnu-unique-object --enable-lto --disable-multilib --with-tune=generic --enable-bootstrap --build=x86_64-linux-gnu --host=x86_64-linux-gnu --target=x86_64-linux-gnu
Thread model: posix
gcc version 7.4.0 (GCC) 
COLLECT_GCC_OPTIONS='-include' '/home/project/cu_riscv32i_cycle_accurate/work/cu_riscv32i_cycle_accurate_options.hcodal' '-v' '-o' 'CMakeFiles/cmTC_97784.dir/CMakeCXXCompilerABI.cpp.o' '-c' '-shared-libgcc' '-mtune=generic' '-march=x86-64'
 /contrib/bin/../libexec/gcc/x86_64-linux-gnu/7.4.0/cc1plus -quiet -v -imultiarch x86_64-linux-gnu -iprefix /contrib/bin/../lib/gcc/x86_64-linux-gnu/7.4.0/ -D_GNU_SOURCE -include /home/project/cu_riscv32i_cycle_accurate/work/cu_riscv32i_cycle_accurate_options.hcodal /contrib/share/cmake-3.17/Modules/CMakeCXXCompilerABI.cpp -quiet -dumpbase CMakeCXXCompilerABI.cpp -mtune=generic -march=x86-64 -auxbase-strip CMakeFiles/cmTC_97784.dir/CMakeCXXCompilerABI.cpp.o -version -o /tmp/ccy5tx03.s
GNU C++14 (GCC) version 7.4.0 (x86_64-linux-gnu)
	compiled by GNU C version 7.4.0, GMP version 6.1.0, MPFR version 3.1.4, MPC version 1.0.3, isl version isl-0.16.1-GMP

GGC heuristics: --param ggc-min-expand=100 --param ggc-min-heapsize=131072
ignoring nonexistent directory "/contrib/bin/../lib/gcc/x86_64-linux-gnu/7.4.0/../../../../x86_64-linux-gnu/include"
ignoring duplicate directory "/contrib/bin/../lib/gcc/../../lib/gcc/x86_64-linux-gnu/7.4.0/../../../../include/c++/7.4.0"
ignoring duplicate directory "/contrib/bin/../lib/gcc/../../lib/gcc/x86_64-linux-gnu/7.4.0/../../../../include/c++/7.4.0/x86_64-linux-gnu"
ignoring duplicate directory "/contrib/bin/../lib/gcc/../../lib/gcc/x86_64-linux-gnu/7.4.0/../../../../include/c++/7.4.0/backward"
ignoring duplicate directory "/contrib/bin/../lib/gcc/../../lib/gcc/x86_64-linux-gnu/7.4.0/include"
ignoring nonexistent directory "/usr/local/include/x86_64-linux-gnu"
ignoring duplicate directory "/contrib/bin/../lib/gcc/../../lib/gcc/x86_64-linux-gnu/7.4.0/include-fixed"
ignoring nonexistent directory "/contrib/bin/../lib/gcc/../../lib/gcc/x86_64-linux-gnu/7.4.0/../../../../x86_64-linux-gnu/include"
#include "..." search starts here:
#include <...> search starts here:
 /contrib/bin/../lib/gcc/x86_64-linux-gnu/7.4.0/../../../../include/c++/7.4.0
 /contrib/bin/../lib/gcc/x86_64-linux-gnu/7.4.0/../../../../include/c++/7.4.0/x86_64-linux-gnu
 /contrib/bin/../lib/gcc/x86_64-linux-gnu/7.4.0/../../../../include/c++/7.4.0/backward
 /contrib/bin/../lib/gcc/x86_64-linux-gnu/7.4.0/include
 /contrib/bin/../lib/gcc/x86_64-linux-gnu/7.4.0/include-fixed
 /usr/local/include
 /contrib/bin/../lib/gcc/../../include
 /usr/include/x86_64-linux-gnu
 /usr/include
End of search list.
GNU C++14 (GCC) version 7.4.0 (x86_64-linux-gnu)
	compiled by GNU C version 7.4.0, GMP version 6.1.0, MPFR version 3.1.4, MPC version 1.0.3, isl version isl-0.16.1-GMP

GGC heuristics: --param ggc-min-expand=100 --param ggc-min-heapsize=131072
Compiler executable checksum: de05f298072810735c1bf4023281b961
COLLECT_GCC_OPTIONS='-include' '/home/project/cu_riscv32i_cycle_accurate/work/cu_riscv32i_cycle_accurate_options.hcodal' '-v' '-o' 'CMakeFiles/cmTC_97784.dir/CMakeCXXCompilerABI.cpp.o' '-c' '-shared-libgcc' '-mtune=generic' '-march=x86-64'
 /contrib/bin/../lib/gcc/x86_64-linux-gnu/7.4.0/../../../../x86_64-linux-gnu/bin/as -v --64 -o CMakeFiles/cmTC_97784.dir/CMakeCXXCompilerABI.cpp.o /tmp/ccy5tx03.s
GNU assembler version 2.30 (x86_64-linux-gnu) using BFD version (GNU Binutils) 2.30
COMPILER_PATH=/contrib/bin/../libexec/gcc/x86_64-linux-gnu/7.4.0/:/contrib/bin/../libexec/gcc/x86_64-linux-gnu/:/contrib/bin/../libexec/gcc/:/contrib/bin/../lib/gcc/x86_64-linux-gnu/7.4.0/../../../../x86_64-linux-gnu/bin/
LIBRARY_PATH=/contrib/bin/../lib/gcc/x86_64-linux-gnu/7.4.0/:/contrib/bin/../lib/gcc/x86_64-linux-gnu/:/contrib/bin/../lib/gcc/:/contrib/bin/../lib/gcc/x86_64-linux-gnu/7.4.0/../../../x86_64-linux-gnu/:/contrib/bin/../lib/gcc/x86_64-linux-gnu/7.4.0/../../../../lib64/:/lib/x86_64-linux-gnu/:/lib/../lib64/:/usr/lib/x86_64-linux-gnu/:/contrib/bin/../lib/gcc/x86_64-linux-gnu/7.4.0/../../../../x86_64-linux-gnu/lib/:/contrib/bin/../lib/gcc/x86_64-linux-gnu/7.4.0/../../../:/lib/:/usr/lib/
COLLECT_GCC_OPTIONS='-include' '/home/project/cu_riscv32i_cycle_accurate/work/cu_riscv32i_cycle_accurate_options.hcodal' '-v' '-o' 'CMakeFiles/cmTC_97784.dir/CMakeCXXCompilerABI.cpp.o' '-c' '-shared-libgcc' '-mtune=generic' '-march=x86-64'
[2/2] Linking CXX executable cmTC_97784
Using built-in specs.
COLLECT_GCC=/contrib/bin/g++
COLLECT_LTO_WRAPPER=/contrib/bin/../libexec/gcc/x86_64-linux-gnu/7.4.0/lto-wrapper
Target: x86_64-linux-gnu
Configured with: ../../extract/gcc-7.4.0.tar.gz/gcc-7.4.0/configure --prefix=/home/jenkins/workspace/mm/maintenance/Bootstrap_contrib/r/Deb10-test-1/codasip-studio/install/contrib --enable-languages=c,c++ --enable-shared --enable-threads=posix --enable-checking=release --disable-libunwind-exceptions --enable-gnu-unique-object --enable-lto --disable-multilib --with-tune=generic --enable-bootstrap --build=x86_64-linux-gnu --host=x86_64-linux-gnu --target=x86_64-linux-gnu
Thread model: posix
gcc version 7.4.0 (GCC) 
COMPILER_PATH=/contrib/bin/../libexec/gcc/x86_64-linux-gnu/7.4.0/:/contrib/bin/../libexec/gcc/x86_64-linux-gnu/:/contrib/bin/../libexec/gcc/:/contrib/bin/../lib/gcc/x86_64-linux-gnu/7.4.0/../../../../x86_64-linux-gnu/bin/
LIBRARY_PATH=/contrib/bin/../lib/gcc/x86_64-linux-gnu/7.4.0/:/contrib/bin/../lib/gcc/x86_64-linux-gnu/:/contrib/bin/../lib/gcc/:/contrib/bin/../lib/gcc/x86_64-linux-gnu/7.4.0/../../../x86_64-linux-gnu/:/contrib/bin/../lib/gcc/x86_64-linux-gnu/7.4.0/../../../../lib64/:/lib/x86_64-linux-gnu/:/lib/../lib64/:/usr/lib/x86_64-linux-gnu/:/contrib/bin/../lib/gcc/x86_64-linux-gnu/7.4.0/../../../../x86_64-linux-gnu/lib/:/contrib/bin/../lib/gcc/x86_64-linux-gnu/7.4.0/../../../:/lib/:/usr/lib/
COLLECT_GCC_OPTIONS='-include' '/home/project/cu_riscv32i_cycle_accurate/work/cu_riscv32i_cycle_accurate_options.hcodal' '-static-libgcc' '-v' '-o' 'cmTC_97784' '-mtune=generic' '-march=x86-64'
 /contrib/bin/../libexec/gcc/x86_64-linux-gnu/7.4.0/collect2 -plugin /contrib/bin/../libexec/gcc/x86_64-linux-gnu/7.4.0/liblto_plugin.so -plugin-opt=/contrib/bin/../libexec/gcc/x86_64-linux-gnu/7.4.0/lto-wrapper -plugin-opt=-fresolution=/tmp/ccQpK6q6.res -plugin-opt=-pass-through=-lgcc -plugin-opt=-pass-through=-lgcc_eh -plugin-opt=-pass-through=-lc -plugin-opt=-pass-through=-lgcc -plugin-opt=-pass-through=-lgcc_eh --eh-frame-hdr -m elf_x86_64 -dynamic-linker /lib64/ld-linux-x86-64.so.2 -o cmTC_97784 /usr/lib/x86_64-linux-gnu/crt1.o /usr/lib/x86_64-linux-gnu/crti.o /contrib/bin/../lib/gcc/x86_64-linux-gnu/7.4.0/crtbegin.o -L/contrib/bin/../lib/gcc/x86_64-linux-gnu/7.4.0 -L/contrib/bin/../lib/gcc/x86_64-linux-gnu -L/contrib/bin/../lib/gcc -L/contrib/bin/../lib/gcc/x86_64-linux-gnu/7.4.0/../../../x86_64-linux-gnu -L/contrib/bin/../lib/gcc/x86_64-linux-gnu/7.4.0/../../../../lib64 -L/lib/x86_64-linux-gnu -L/lib/../lib64 -L/usr/lib/x86_64-linux-gnu -L/contrib/bin/../lib/gcc/x86_64-linux-gnu/7.4.0/../../../../x86_64-linux-gnu/lib -L/contrib/bin/../lib/gcc/x86_64-linux-gnu/7.4.0/../../.. CMakeFiles/cmTC_97784.dir/CMakeCXXCompilerABI.cpp.o -Bstatic -lstdc++ -Bdynamic -lm -lgcc -lgcc_eh -lc -lgcc -lgcc_eh /contrib/bin/../lib/gcc/x86_64-linux-gnu/7.4.0/crtend.o /usr/lib/x86_64-linux-gnu/crtn.o
COLLECT_GCC_OPTIONS='-include' '/home/project/cu_riscv32i_cycle_accurate/work/cu_riscv32i_cycle_accurate_options.hcodal' '-static-libgcc' '-v' '-o' 'cmTC_97784' '-mtune=generic' '-march=x86-64'



Parsed CXX implicit include dir info from above output: rv=done
  found start of include info
  found start of implicit include info
    add: [/contrib/bin/../lib/gcc/x86_64-linux-gnu/7.4.0/../../../../include/c++/7.4.0]
    add: [/contrib/bin/../lib/gcc/x86_64-linux-gnu/7.4.0/../../../../include/c++/7.4.0/x86_64-linux-gnu]
    add: [/contrib/bin/../lib/gcc/x86_64-linux-gnu/7.4.0/../../../../include/c++/7.4.0/backward]
    add: [/contrib/bin/../lib/gcc/x86_64-linux-gnu/7.4.0/include]
    add: [/contrib/bin/../lib/gcc/x86_64-linux-gnu/7.4.0/include-fixed]
    add: [/usr/local/include]
    add: [/contrib/bin/../lib/gcc/../../include]
    add: [/usr/include/x86_64-linux-gnu]
    add: [/usr/include]
  end of search list found
  collapse include dir [/contrib/bin/../lib/gcc/x86_64-linux-gnu/7.4.0/../../../../include/c++/7.4.0] ==> [/contrib/include/c++/7.4.0]
  collapse include dir [/contrib/bin/../lib/gcc/x86_64-linux-gnu/7.4.0/../../../../include/c++/7.4.0/x86_64-linux-gnu] ==> [/contrib/include/c++/7.4.0/x86_64-linux-gnu]
  collapse include dir [/contrib/bin/../lib/gcc/x86_64-linux-gnu/7.4.0/../../../../include/c++/7.4.0/backward] ==> [/contrib/include/c++/7.4.0/backward]
  collapse include dir [/contrib/bin/../lib/gcc/x86_64-linux-gnu/7.4.0/include] ==> [/contrib/lib/gcc/x86_64-linux-gnu/7.4.0/include]
  collapse include dir [/contrib/bin/../lib/gcc/x86_64-linux-gnu/7.4.0/include-fixed] ==> [/contrib/lib/gcc/x86_64-linux-gnu/7.4.0/include-fixed]
  collapse include dir [/usr/local/include] ==> [/usr/local/include]
  collapse include dir [/contrib/bin/../lib/gcc/../../include] ==> [/contrib/include]
  collapse include dir [/usr/include/x86_64-linux-gnu] ==> [/usr/include/x86_64-linux-gnu]
  collapse include dir [/usr/include] ==> [/usr/include]
  implicit include dirs: [/contrib/include/c++/7.4.0;/contrib/include/c++/7.4.0/x86_64-linux-gnu;/contrib/include/c++/7.4.0/backward;/contrib/lib/gcc/x86_64-linux-gnu/7.4.0/include;/contrib/lib/gcc/x86_64-linux-gnu/7.4.0/include-fixed;/usr/local/include;/contrib/include;/usr/include/x86_64-linux-gnu;/usr/include]


Parsed CXX implicit link information from above output:
  link line regex: [^( *|.*[/\])(ld|CMAKE_LINK_STARTFILE-NOTFOUND|([^/\]+-)?ld|collect2)[^/\]*( |$)]
  ignore line: [Change Dir: /home/project/cu_riscv32i_cycle_accurate/work/ia/llvm/build/CMakeFiles/CMakeTmp]
  ignore line: []
  ignore line: [Run Build Command(s):/contrib/bin/ninja cmTC_97784 && [1/2] Building CXX object CMakeFiles/cmTC_97784.dir/CMakeCXXCompilerABI.cpp.o]
  ignore line: [Using built-in specs.]
  ignore line: [COLLECT_GCC=/contrib/bin/g++]
  ignore line: [Target: x86_64-linux-gnu]
  ignore line: [Configured with: ../../extract/gcc-7.4.0.tar.gz/gcc-7.4.0/configure --prefix=/home/jenkins/workspace/mm/maintenance/Bootstrap_contrib/r/Deb10-test-1/codasip-studio/install/contrib --enable-languages=c c++ --enable-shared --enable-threads=posix --enable-checking=release --disable-libunwind-exceptions --enable-gnu-unique-object --enable-lto --disable-multilib --with-tune=generic --enable-bootstrap --build=x86_64-linux-gnu --host=x86_64-linux-gnu --target=x86_64-linux-gnu]
  ignore line: [Thread model: posix]
  ignore line: [gcc version 7.4.0 (GCC) ]
  ignore line: [COLLECT_GCC_OPTIONS='-include' '/home/project/cu_riscv32i_cycle_accurate/work/cu_riscv32i_cycle_accurate_options.hcodal' '-v' '-o' 'CMakeFiles/cmTC_97784.dir/CMakeCXXCompilerABI.cpp.o' '-c' '-shared-libgcc' '-mtune=generic' '-march=x86-64']
  ignore line: [ /contrib/bin/../libexec/gcc/x86_64-linux-gnu/7.4.0/cc1plus -quiet -v -imultiarch x86_64-linux-gnu -iprefix /contrib/bin/../lib/gcc/x86_64-linux-gnu/7.4.0/ -D_GNU_SOURCE -include /home/project/cu_riscv32i_cycle_accurate/work/cu_riscv32i_cycle_accurate_options.hcodal /contrib/share/cmake-3.17/Modules/CMakeCXXCompilerABI.cpp -quiet -dumpbase CMakeCXXCompilerABI.cpp -mtune=generic -march=x86-64 -auxbase-strip CMakeFiles/cmTC_97784.dir/CMakeCXXCompilerABI.cpp.o -version -o /tmp/ccy5tx03.s]
  ignore line: [GNU C++14 (GCC) version 7.4.0 (x86_64-linux-gnu)]
  ignore line: [	compiled by GNU C version 7.4.0  GMP version 6.1.0  MPFR version 3.1.4  MPC version 1.0.3  isl version isl-0.16.1-GMP]
  ignore line: []
  ignore line: [GGC heuristics: --param ggc-min-expand=100 --param ggc-min-heapsize=131072]
  ignore line: [ignoring nonexistent directory "/contrib/bin/../lib/gcc/x86_64-linux-gnu/7.4.0/../../../../x86_64-linux-gnu/include"]
  ignore line: [ignoring duplicate directory "/contrib/bin/../lib/gcc/../../lib/gcc/x86_64-linux-gnu/7.4.0/../../../../include/c++/7.4.0"]
  ignore line: [ignoring duplicate directory "/contrib/bin/../lib/gcc/../../lib/gcc/x86_64-linux-gnu/7.4.0/../../../../include/c++/7.4.0/x86_64-linux-gnu"]
  ignore line: [ignoring duplicate directory "/contrib/bin/../lib/gcc/../../lib/gcc/x86_64-linux-gnu/7.4.0/../../../../include/c++/7.4.0/backward"]
  ignore line: [ignoring duplicate directory "/contrib/bin/../lib/gcc/../../lib/gcc/x86_64-linux-gnu/7.4.0/include"]
  ignore line: [ignoring nonexistent directory "/usr/local/include/x86_64-linux-gnu"]
  ignore line: [ignoring duplicate directory "/contrib/bin/../lib/gcc/../../lib/gcc/x86_64-linux-gnu/7.4.0/include-fixed"]
  ignore line: [ignoring nonexistent directory "/contrib/bin/../lib/gcc/../../lib/gcc/x86_64-linux-gnu/7.4.0/../../../../x86_64-linux-gnu/include"]
  ignore line: [#include "..." search starts here:]
  ignore line: [#include <...> search starts here:]
  ignore line: [ /contrib/bin/../lib/gcc/x86_64-linux-gnu/7.4.0/../../../../include/c++/7.4.0]
  ignore line: [ /contrib/bin/../lib/gcc/x86_64-linux-gnu/7.4.0/../../../../include/c++/7.4.0/x86_64-linux-gnu]
  ignore line: [ /contrib/bin/../lib/gcc/x86_64-linux-gnu/7.4.0/../../../../include/c++/7.4.0/backward]
  ignore line: [ /contrib/bin/../lib/gcc/x86_64-linux-gnu/7.4.0/include]
  ignore line: [ /contrib/bin/../lib/gcc/x86_64-linux-gnu/7.4.0/include-fixed]
  ignore line: [ /usr/local/include]
  ignore line: [ /contrib/bin/../lib/gcc/../../include]
  ignore line: [ /usr/include/x86_64-linux-gnu]
  ignore line: [ /usr/include]
  ignore line: [End of search list.]
  ignore line: [GNU C++14 (GCC) version 7.4.0 (x86_64-linux-gnu)]
  ignore line: [	compiled by GNU C version 7.4.0  GMP version 6.1.0  MPFR version 3.1.4  MPC version 1.0.3  isl version isl-0.16.1-GMP]
  ignore line: []
  ignore line: [GGC heuristics: --param ggc-min-expand=100 --param ggc-min-heapsize=131072]
  ignore line: [Compiler executable checksum: de05f298072810735c1bf4023281b961]
  ignore line: [COLLECT_GCC_OPTIONS='-include' '/home/project/cu_riscv32i_cycle_accurate/work/cu_riscv32i_cycle_accurate_options.hcodal' '-v' '-o' 'CMakeFiles/cmTC_97784.dir/CMakeCXXCompilerABI.cpp.o' '-c' '-shared-libgcc' '-mtune=generic' '-march=x86-64']
  ignore line: [ /contrib/bin/../lib/gcc/x86_64-linux-gnu/7.4.0/../../../../x86_64-linux-gnu/bin/as -v --64 -o CMakeFiles/cmTC_97784.dir/CMakeCXXCompilerABI.cpp.o /tmp/ccy5tx03.s]
  ignore line: [GNU assembler version 2.30 (x86_64-linux-gnu) using BFD version (GNU Binutils) 2.30]
  ignore line: [COMPILER_PATH=/contrib/bin/../libexec/gcc/x86_64-linux-gnu/7.4.0/:/contrib/bin/../libexec/gcc/x86_64-linux-gnu/:/contrib/bin/../libexec/gcc/:/contrib/bin/../lib/gcc/x86_64-linux-gnu/7.4.0/../../../../x86_64-linux-gnu/bin/]
  ignore line: [LIBRARY_PATH=/contrib/bin/../lib/gcc/x86_64-linux-gnu/7.4.0/:/contrib/bin/../lib/gcc/x86_64-linux-gnu/:/contrib/bin/../lib/gcc/:/contrib/bin/../lib/gcc/x86_64-linux-gnu/7.4.0/../../../x86_64-linux-gnu/:/contrib/bin/../lib/gcc/x86_64-linux-gnu/7.4.0/../../../../lib64/:/lib/x86_64-linux-gnu/:/lib/../lib64/:/usr/lib/x86_64-linux-gnu/:/contrib/bin/../lib/gcc/x86_64-linux-gnu/7.4.0/../../../../x86_64-linux-gnu/lib/:/contrib/bin/../lib/gcc/x86_64-linux-gnu/7.4.0/../../../:/lib/:/usr/lib/]
  ignore line: [COLLECT_GCC_OPTIONS='-include' '/home/project/cu_riscv32i_cycle_accurate/work/cu_riscv32i_cycle_accurate_options.hcodal' '-v' '-o' 'CMakeFiles/cmTC_97784.dir/CMakeCXXCompilerABI.cpp.o' '-c' '-shared-libgcc' '-mtune=generic' '-march=x86-64']
  ignore line: [[2/2] Linking CXX executable cmTC_97784]
  ignore line: [Using built-in specs.]
  ignore line: [COLLECT_GCC=/contrib/bin/g++]
  ignore line: [COLLECT_LTO_WRAPPER=/contrib/bin/../libexec/gcc/x86_64-linux-gnu/7.4.0/lto-wrapper]
  ignore line: [Target: x86_64-linux-gnu]
  ignore line: [Configured with: ../../extract/gcc-7.4.0.tar.gz/gcc-7.4.0/configure --prefix=/home/jenkins/workspace/mm/maintenance/Bootstrap_contrib/r/Deb10-test-1/codasip-studio/install/contrib --enable-languages=c c++ --enable-shared --enable-threads=posix --enable-checking=release --disable-libunwind-exceptions --enable-gnu-unique-object --enable-lto --disable-multilib --with-tune=generic --enable-bootstrap --build=x86_64-linux-gnu --host=x86_64-linux-gnu --target=x86_64-linux-gnu]
  ignore line: [Thread model: posix]
  ignore line: [gcc version 7.4.0 (GCC) ]
  ignore line: [COMPILER_PATH=/contrib/bin/../libexec/gcc/x86_64-linux-gnu/7.4.0/:/contrib/bin/../libexec/gcc/x86_64-linux-gnu/:/contrib/bin/../libexec/gcc/:/contrib/bin/../lib/gcc/x86_64-linux-gnu/7.4.0/../../../../x86_64-linux-gnu/bin/]
  ignore line: [LIBRARY_PATH=/contrib/bin/../lib/gcc/x86_64-linux-gnu/7.4.0/:/contrib/bin/../lib/gcc/x86_64-linux-gnu/:/contrib/bin/../lib/gcc/:/contrib/bin/../lib/gcc/x86_64-linux-gnu/7.4.0/../../../x86_64-linux-gnu/:/contrib/bin/../lib/gcc/x86_64-linux-gnu/7.4.0/../../../../lib64/:/lib/x86_64-linux-gnu/:/lib/../lib64/:/usr/lib/x86_64-linux-gnu/:/contrib/bin/../lib/gcc/x86_64-linux-gnu/7.4.0/../../../../x86_64-linux-gnu/lib/:/contrib/bin/../lib/gcc/x86_64-linux-gnu/7.4.0/../../../:/lib/:/usr/lib/]
  ignore line: [COLLECT_GCC_OPTIONS='-include' '/home/project/cu_riscv32i_cycle_accurate/work/cu_riscv32i_cycle_accurate_options.hcodal' '-static-libgcc' '-v' '-o' 'cmTC_97784' '-mtune=generic' '-march=x86-64']
  link line: [ /contrib/bin/../libexec/gcc/x86_64-linux-gnu/7.4.0/collect2 -plugin /contrib/bin/../libexec/gcc/x86_64-linux-gnu/7.4.0/liblto_plugin.so -plugin-opt=/contrib/bin/../libexec/gcc/x86_64-linux-gnu/7.4.0/lto-wrapper -plugin-opt=-fresolution=/tmp/ccQpK6q6.res -plugin-opt=-pass-through=-lgcc -plugin-opt=-pass-through=-lgcc_eh -plugin-opt=-pass-through=-lc -plugin-opt=-pass-through=-lgcc -plugin-opt=-pass-through=-lgcc_eh --eh-frame-hdr -m elf_x86_64 -dynamic-linker /lib64/ld-linux-x86-64.so.2 -o cmTC_97784 /usr/lib/x86_64-linux-gnu/crt1.o /usr/lib/x86_64-linux-gnu/crti.o /contrib/bin/../lib/gcc/x86_64-linux-gnu/7.4.0/crtbegin.o -L/contrib/bin/../lib/gcc/x86_64-linux-gnu/7.4.0 -L/contrib/bin/../lib/gcc/x86_64-linux-gnu -L/contrib/bin/../lib/gcc -L/contrib/bin/../lib/gcc/x86_64-linux-gnu/7.4.0/../../../x86_64-linux-gnu -L/contrib/bin/../lib/gcc/x86_64-linux-gnu/7.4.0/../../../../lib64 -L/lib/x86_64-linux-gnu -L/lib/../lib64 -L/usr/lib/x86_64-linux-gnu -L/contrib/bin/../lib/gcc/x86_64-linux-gnu/7.4.0/../../../../x86_64-linux-gnu/lib -L/contrib/bin/../lib/gcc/x86_64-linux-gnu/7.4.0/../../.. CMakeFiles/cmTC_97784.dir/CMakeCXXCompilerABI.cpp.o -Bstatic -lstdc++ -Bdynamic -lm -lgcc -lgcc_eh -lc -lgcc -lgcc_eh /contrib/bin/../lib/gcc/x86_64-linux-gnu/7.4.0/crtend.o /usr/lib/x86_64-linux-gnu/crtn.o]
    arg [/contrib/bin/../libexec/gcc/x86_64-linux-gnu/7.4.0/collect2] ==> ignore
    arg [-plugin] ==> ignore
    arg [/contrib/bin/../libexec/gcc/x86_64-linux-gnu/7.4.0/liblto_plugin.so] ==> ignore
    arg [-plugin-opt=/contrib/bin/../libexec/gcc/x86_64-linux-gnu/7.4.0/lto-wrapper] ==> ignore
    arg [-plugin-opt=-fresolution=/tmp/ccQpK6q6.res] ==> ignore
    arg [-plugin-opt=-pass-through=-lgcc] ==> ignore
    arg [-plugin-opt=-pass-through=-lgcc_eh] ==> ignore
    arg [-plugin-opt=-pass-through=-lc] ==> ignore
    arg [-plugin-opt=-pass-through=-lgcc] ==> ignore
    arg [-plugin-opt=-pass-through=-lgcc_eh] ==> ignore
    arg [--eh-frame-hdr] ==> ignore
    arg [-m] ==> ignore
    arg [elf_x86_64] ==> ignore
    arg [-dynamic-linker] ==> ignore
    arg [/lib64/ld-linux-x86-64.so.2] ==> ignore
    arg [-o] ==> ignore
    arg [cmTC_97784] ==> ignore
    arg [/usr/lib/x86_64-linux-gnu/crt1.o] ==> ignore
    arg [/usr/lib/x86_64-linux-gnu/crti.o] ==> ignore
    arg [/contrib/bin/../lib/gcc/x86_64-linux-gnu/7.4.0/crtbegin.o] ==> ignore
    arg [-L/contrib/bin/../lib/gcc/x86_64-linux-gnu/7.4.0] ==> dir [/contrib/bin/../lib/gcc/x86_64-linux-gnu/7.4.0]
    arg [-L/contrib/bin/../lib/gcc/x86_64-linux-gnu] ==> dir [/contrib/bin/../lib/gcc/x86_64-linux-gnu]
    arg [-L/contrib/bin/../lib/gcc] ==> dir [/contrib/bin/../lib/gcc]
    arg [-L/contrib/bin/../lib/gcc/x86_64-linux-gnu/7.4.0/../../../x86_64-linux-gnu] ==> dir [/contrib/bin/../lib/gcc/x86_64-linux-gnu/7.4.0/../../../x86_64-linux-gnu]
    arg [-L/contrib/bin/../lib/gcc/x86_64-linux-gnu/7.4.0/../../../../lib64] ==> dir [/contrib/bin/../lib/gcc/x86_64-linux-gnu/7.4.0/../../../../lib64]
    arg [-L/lib/x86_64-linux-gnu] ==> dir [/lib/x86_64-linux-gnu]
    arg [-L/lib/../lib64] ==> dir [/lib/../lib64]
    arg [-L/usr/lib/x86_64-linux-gnu] ==> dir [/usr/lib/x86_64-linux-gnu]
    arg [-L/contrib/bin/../lib/gcc/x86_64-linux-gnu/7.4.0/../../../../x86_64-linux-gnu/lib] ==> dir [/contrib/bin/../lib/gcc/x86_64-linux-gnu/7.4.0/../../../../x86_64-linux-gnu/lib]
    arg [-L/contrib/bin/../lib/gcc/x86_64-linux-gnu/7.4.0/../../..] ==> dir [/contrib/bin/../lib/gcc/x86_64-linux-gnu/7.4.0/../../..]
    arg [CMakeFiles/cmTC_97784.dir/CMakeCXXCompilerABI.cpp.o] ==> ignore
    arg [-Bstatic] ==> ignore
    arg [-lstdc++] ==> lib [stdc++]
    arg [-Bdynamic] ==> ignore
    arg [-lm] ==> lib [m]
    arg [-lgcc] ==> lib [gcc]
    arg [-lgcc_eh] ==> lib [gcc_eh]
    arg [-lc] ==> lib [c]
    arg [-lgcc] ==> lib [gcc]
    arg [-lgcc_eh] ==> lib [gcc_eh]
    arg [/contrib/bin/../lib/gcc/x86_64-linux-gnu/7.4.0/crtend.o] ==> ignore
    arg [/usr/lib/x86_64-linux-gnu/crtn.o] ==> ignore
  remove lib [gcc_eh]
  remove lib [gcc_eh]
  collapse library dir [/contrib/bin/../lib/gcc/x86_64-linux-gnu/7.4.0] ==> [/contrib/lib/gcc/x86_64-linux-gnu/7.4.0]
  collapse library dir [/contrib/bin/../lib/gcc/x86_64-linux-gnu] ==> [/contrib/lib/gcc/x86_64-linux-gnu]
  collapse library dir [/contrib/bin/../lib/gcc] ==> [/contrib/lib/gcc]
  collapse library dir [/contrib/bin/../lib/gcc/x86_64-linux-gnu/7.4.0/../../../x86_64-linux-gnu] ==> [/contrib/lib/x86_64-linux-gnu]
  collapse library dir [/contrib/bin/../lib/gcc/x86_64-linux-gnu/7.4.0/../../../../lib64] ==> [/contrib/lib64]
  collapse library dir [/lib/x86_64-linux-gnu] ==> [/lib/x86_64-linux-gnu]
  collapse library dir [/lib/../lib64] ==> [/lib64]
  collapse library dir [/usr/lib/x86_64-linux-gnu] ==> [/usr/lib/x86_64-linux-gnu]
  collapse library dir [/contrib/bin/../lib/gcc/x86_64-linux-gnu/7.4.0/../../../../x86_64-linux-gnu/lib] ==> [/contrib/x86_64-linux-gnu/lib]
  collapse library dir [/contrib/bin/../lib/gcc/x86_64-linux-gnu/7.4.0/../../..] ==> [/contrib/lib]
  implicit libs: [stdc++;m;gcc;c;gcc]
  implicit dirs: [/contrib/lib/gcc/x86_64-linux-gnu/7.4.0;/contrib/lib/gcc/x86_64-linux-gnu;/contrib/lib/gcc;/contrib/lib/x86_64-linux-gnu;/contrib/lib64;/lib/x86_64-linux-gnu;/lib64;/usr/lib/x86_64-linux-gnu;/contrib/x86_64-linux-gnu/lib;/contrib/lib]
  implicit fwks: []


Determining if the include file dlfcn.h exists passed with the following output:
Change Dir: /home/project/cu_riscv32i_cycle_accurate/work/ia/llvm/build/CMakeFiles/CMakeTmp

Run Build Command(s):/contrib/bin/ninja cmTC_743ad && [1/2] Building C object CMakeFiles/cmTC_743ad.dir/CheckIncludeFile.c.o
[2/2] Linking C executable cmTC_743ad



Determining if the include file errno.h exists passed with the following output:
Change Dir: /home/project/cu_riscv32i_cycle_accurate/work/ia/llvm/build/CMakeFiles/CMakeTmp

Run Build Command(s):/contrib/bin/ninja cmTC_31a1f && [1/2] Building C object CMakeFiles/cmTC_31a1f.dir/CheckIncludeFile.c.o
[2/2] Linking C executable cmTC_31a1f



Determining if the include file fcntl.h exists passed with the following output:
Change Dir: /home/project/cu_riscv32i_cycle_accurate/work/ia/llvm/build/CMakeFiles/CMakeTmp

Run Build Command(s):/contrib/bin/ninja cmTC_bcee0 && [1/2] Building C object CMakeFiles/cmTC_bcee0.dir/CheckIncludeFile.c.o
[2/2] Linking C executable cmTC_bcee0



Determining if the include file link.h exists passed with the following output:
Change Dir: /home/project/cu_riscv32i_cycle_accurate/work/ia/llvm/build/CMakeFiles/CMakeTmp

Run Build Command(s):/contrib/bin/ninja cmTC_040da && [1/2] Building C object CMakeFiles/cmTC_040da.dir/CheckIncludeFile.c.o
[2/2] Linking C executable cmTC_040da



Determining if the include file pthread.h exists passed with the following output:
Change Dir: /home/project/cu_riscv32i_cycle_accurate/work/ia/llvm/build/CMakeFiles/CMakeTmp

Run Build Command(s):/contrib/bin/ninja cmTC_9d0bc && [1/2] Building C object CMakeFiles/cmTC_9d0bc.dir/CheckIncludeFile.c.o
[2/2] Linking C executable cmTC_9d0bc



Determining if the include file signal.h exists passed with the following output:
Change Dir: /home/project/cu_riscv32i_cycle_accurate/work/ia/llvm/build/CMakeFiles/CMakeTmp

Run Build Command(s):/contrib/bin/ninja cmTC_54c35 && [1/2] Building C object CMakeFiles/cmTC_54c35.dir/CheckIncludeFile.c.o
[2/2] Linking C executable cmTC_54c35



Determining if the include file sys/ioctl.h exists passed with the following output:
Change Dir: /home/project/cu_riscv32i_cycle_accurate/work/ia/llvm/build/CMakeFiles/CMakeTmp

Run Build Command(s):/contrib/bin/ninja cmTC_bcb04 && [1/2] Building C object CMakeFiles/cmTC_bcb04.dir/CheckIncludeFile.c.o
[2/2] Linking C executable cmTC_bcb04



Determining if the include file sys/mman.h exists passed with the following output:
Change Dir: /home/project/cu_riscv32i_cycle_accurate/work/ia/llvm/build/CMakeFiles/CMakeTmp

Run Build Command(s):/contrib/bin/ninja cmTC_b670f && [1/2] Building C object CMakeFiles/cmTC_b670f.dir/CheckIncludeFile.c.o
[2/2] Linking C executable cmTC_b670f



Determining if the include file sys/param.h exists passed with the following output:
Change Dir: /home/project/cu_riscv32i_cycle_accurate/work/ia/llvm/build/CMakeFiles/CMakeTmp

Run Build Command(s):/contrib/bin/ninja cmTC_f53d9 && [1/2] Building C object CMakeFiles/cmTC_f53d9.dir/CheckIncludeFile.c.o
[2/2] Linking C executable cmTC_f53d9



Determining if the include file sys/resource.h exists passed with the following output:
Change Dir: /home/project/cu_riscv32i_cycle_accurate/work/ia/llvm/build/CMakeFiles/CMakeTmp

Run Build Command(s):/contrib/bin/ninja cmTC_f6959 && [1/2] Building C object CMakeFiles/cmTC_f6959.dir/CheckIncludeFile.c.o
[2/2] Linking C executable cmTC_f6959



Determining if the include file sys/stat.h exists passed with the following output:
Change Dir: /home/project/cu_riscv32i_cycle_accurate/work/ia/llvm/build/CMakeFiles/CMakeTmp

Run Build Command(s):/contrib/bin/ninja cmTC_491e1 && [1/2] Building C object CMakeFiles/cmTC_491e1.dir/CheckIncludeFile.c.o
[2/2] Linking C executable cmTC_491e1



Determining if the include file sys/time.h exists passed with the following output:
Change Dir: /home/project/cu_riscv32i_cycle_accurate/work/ia/llvm/build/CMakeFiles/CMakeTmp

Run Build Command(s):/contrib/bin/ninja cmTC_4773b && [1/2] Building C object CMakeFiles/cmTC_4773b.dir/CheckIncludeFile.c.o
[2/2] Linking C executable cmTC_4773b



Determining if the include file sys/types.h exists passed with the following output:
Change Dir: /home/project/cu_riscv32i_cycle_accurate/work/ia/llvm/build/CMakeFiles/CMakeTmp

Run Build Command(s):/contrib/bin/ninja cmTC_a2f6e && [1/2] Building C object CMakeFiles/cmTC_a2f6e.dir/CheckIncludeFile.c.o
[2/2] Linking C executable cmTC_a2f6e



Determining if the include file termios.h exists passed with the following output:
Change Dir: /home/project/cu_riscv32i_cycle_accurate/work/ia/llvm/build/CMakeFiles/CMakeTmp

Run Build Command(s):/contrib/bin/ninja cmTC_192d2 && [1/2] Building C object CMakeFiles/cmTC_192d2.dir/CheckIncludeFile.c.o
[2/2] Linking C executable cmTC_192d2



Determining if the include file unistd.h exists passed with the following output:
Change Dir: /home/project/cu_riscv32i_cycle_accurate/work/ia/llvm/build/CMakeFiles/CMakeTmp

Run Build Command(s):/contrib/bin/ninja cmTC_b4bf6 && [1/2] Building C object CMakeFiles/cmTC_b4bf6.dir/CheckIncludeFile.c.o
[2/2] Linking C executable cmTC_b4bf6



Determining if the include file zlib.h exists passed with the following output:
Change Dir: /home/project/cu_riscv32i_cycle_accurate/work/ia/llvm/build/CMakeFiles/CMakeTmp

Run Build Command(s):/contrib/bin/ninja cmTC_ce89d && [1/2] Building C object CMakeFiles/cmTC_ce89d.dir/CheckIncludeFile.c.o
[2/2] Linking C executable cmTC_ce89d



Determining if the include file fenv.h exists passed with the following output:
Change Dir: /home/project/cu_riscv32i_cycle_accurate/work/ia/llvm/build/CMakeFiles/CMakeTmp

Run Build Command(s):/contrib/bin/ninja cmTC_c0911 && [1/2] Building C object CMakeFiles/cmTC_c0911.dir/CheckIncludeFile.c.o
[2/2] Linking C executable cmTC_c0911



Determining if the FE_ALL_EXCEPT exist passed with the following output:
Change Dir: /home/project/cu_riscv32i_cycle_accurate/work/ia/llvm/build/CMakeFiles/CMakeTmp

Run Build Command(s):/contrib/bin/ninja cmTC_bf8ff && [1/2] Building C object CMakeFiles/cmTC_bf8ff.dir/CheckSymbolExists.c.o
[2/2] Linking C executable cmTC_bf8ff


File /home/project/cu_riscv32i_cycle_accurate/work/ia/llvm/build/CMakeFiles/CMakeTmp/CheckSymbolExists.c:
/* */
#include <fenv.h>

int main(int argc, char** argv)
{
  (void)argv;
#ifndef FE_ALL_EXCEPT
  return ((int*)(&FE_ALL_EXCEPT))[argc];
#else
  (void)argc;
  return 0;
#endif
}
Determining if the FE_INEXACT exist passed with the following output:
Change Dir: /home/project/cu_riscv32i_cycle_accurate/work/ia/llvm/build/CMakeFiles/CMakeTmp

Run Build Command(s):/contrib/bin/ninja cmTC_22e32 && [1/2] Building C object CMakeFiles/cmTC_22e32.dir/CheckSymbolExists.c.o
[2/2] Linking C executable cmTC_22e32


File /home/project/cu_riscv32i_cycle_accurate/work/ia/llvm/build/CMakeFiles/CMakeTmp/CheckSymbolExists.c:
/* */
#include <fenv.h>

int main(int argc, char** argv)
{
  (void)argv;
#ifndef FE_INEXACT
  return ((int*)(&FE_INEXACT))[argc];
#else
  (void)argc;
  return 0;
#endif
}
Determining if the include file histedit.h exists passed with the following output:
Change Dir: /home/project/cu_riscv32i_cycle_accurate/work/ia/llvm/build/CMakeFiles/CMakeTmp

Run Build Command(s):/contrib/bin/ninja cmTC_07b9f && [1/2] Building C object CMakeFiles/cmTC_07b9f.dir/CheckIncludeFile.c.o
[2/2] Linking C executable cmTC_07b9f



Determining if the include file linux/magic.h exists passed with the following output:
Change Dir: /home/project/cu_riscv32i_cycle_accurate/work/ia/llvm/build/CMakeFiles/CMakeTmp

Run Build Command(s):/contrib/bin/ninja cmTC_25fe3 && [1/2] Building C object CMakeFiles/cmTC_25fe3.dir/CheckIncludeFile.c.o
[2/2] Linking C executable cmTC_25fe3



Determining if the function pthread_create exists in the pthread passed with the following output:
Change Dir: /home/project/cu_riscv32i_cycle_accurate/work/ia/llvm/build/CMakeFiles/CMakeTmp

Run Build Command(s):/contrib/bin/ninja cmTC_dedee && [1/2] Building C object CMakeFiles/cmTC_dedee.dir/CheckFunctionExists.c.o
[2/2] Linking C executable cmTC_dedee



Determining if the function pthread_getspecific exists in the pthread passed with the following output:
Change Dir: /home/project/cu_riscv32i_cycle_accurate/work/ia/llvm/build/CMakeFiles/CMakeTmp

Run Build Command(s):/contrib/bin/ninja cmTC_35a9d && [1/2] Building C object CMakeFiles/cmTC_35a9d.dir/CheckFunctionExists.c.o
[2/2] Linking C executable cmTC_35a9d



Determining if the function pthread_rwlock_init exists in the pthread passed with the following output:
Change Dir: /home/project/cu_riscv32i_cycle_accurate/work/ia/llvm/build/CMakeFiles/CMakeTmp

Run Build Command(s):/contrib/bin/ninja cmTC_94c1c && [1/2] Building C object CMakeFiles/cmTC_94c1c.dir/CheckFunctionExists.c.o
[2/2] Linking C executable cmTC_94c1c



Determining if the function pthread_mutex_lock exists in the pthread passed with the following output:
Change Dir: /home/project/cu_riscv32i_cycle_accurate/work/ia/llvm/build/CMakeFiles/CMakeTmp

Run Build Command(s):/contrib/bin/ninja cmTC_a3071 && [1/2] Building C object CMakeFiles/cmTC_a3071.dir/CheckFunctionExists.c.o
[2/2] Linking C executable cmTC_a3071



Determining if the function dlopen exists in the dl passed with the following output:
Change Dir: /home/project/cu_riscv32i_cycle_accurate/work/ia/llvm/build/CMakeFiles/CMakeTmp

Run Build Command(s):/contrib/bin/ninja cmTC_3b689 && [1/2] Building C object CMakeFiles/cmTC_3b689.dir/CheckFunctionExists.c.o
[2/2] Linking C executable cmTC_3b689



Determining if the function clock_gettime exists in the rt passed with the following output:
Change Dir: /home/project/cu_riscv32i_cycle_accurate/work/ia/llvm/build/CMakeFiles/CMakeTmp

Run Build Command(s):/contrib/bin/ninja cmTC_4de12 && [1/2] Building C object CMakeFiles/cmTC_4de12.dir/CheckFunctionExists.c.o
[2/2] Linking C executable cmTC_4de12



Determining if the include file pthread.h exists passed with the following output:
Change Dir: /home/project/cu_riscv32i_cycle_accurate/work/ia/llvm/build/CMakeFiles/CMakeTmp

Run Build Command(s):/contrib/bin/ninja cmTC_8b344 && [1/2] Building C object CMakeFiles/cmTC_8b344.dir/CheckIncludeFile.c.o
[2/2] Linking C executable cmTC_8b344



Determining if the function pthread_create exists in the pthread passed with the following output:
Change Dir: /home/project/cu_riscv32i_cycle_accurate/work/ia/llvm/build/CMakeFiles/CMakeTmp

Run Build Command(s):/contrib/bin/ninja cmTC_28fa5 && [1/2] Building C object CMakeFiles/cmTC_28fa5.dir/CheckFunctionExists.c.o
[2/2] Linking C executable cmTC_28fa5



Determining if the function compress2 exists in the z passed with the following output:
Change Dir: /home/project/cu_riscv32i_cycle_accurate/work/ia/llvm/build/CMakeFiles/CMakeTmp

Run Build Command(s):/contrib/bin/ninja cmTC_0dfbf && [1/2] Building C object CMakeFiles/cmTC_0dfbf.dir/CheckFunctionExists.c.o
[2/2] Linking C executable cmTC_0dfbf



Determining if the function el_init exists in the edit passed with the following output:
Change Dir: /home/project/cu_riscv32i_cycle_accurate/work/ia/llvm/build/CMakeFiles/CMakeTmp

Run Build Command(s):/contrib/bin/ninja cmTC_762a7 && [1/2] Building C object CMakeFiles/cmTC_762a7.dir/CheckFunctionExists.c.o
[2/2] Linking C executable cmTC_762a7



Determining if the function setupterm exists in the tinfo passed with the following output:
Change Dir: /home/project/cu_riscv32i_cycle_accurate/work/ia/llvm/build/CMakeFiles/CMakeTmp

Run Build Command(s):/contrib/bin/ninja cmTC_1942d && [1/2] Building C object CMakeFiles/cmTC_1942d.dir/CheckFunctionExists.c.o
[2/2] Linking C executable cmTC_1942d



Determining if the backtrace exist passed with the following output:
Change Dir: /home/project/cu_riscv32i_cycle_accurate/work/ia/llvm/build/CMakeFiles/CMakeTmp

Run Build Command(s):/contrib/bin/ninja cmTC_cedca && [1/2] Building C object CMakeFiles/cmTC_cedca.dir/CheckSymbolExists.c.o
[2/2] Linking C executable cmTC_cedca


File /home/project/cu_riscv32i_cycle_accurate/work/ia/llvm/build/CMakeFiles/CMakeTmp/CheckSymbolExists.c:
/* */
#include <execinfo.h>

int main(int argc, char** argv)
{
  (void)argv;
#ifndef backtrace
  return ((int*)(&backtrace))[argc];
#else
  (void)argc;
  return 0;
#endif
}
Determining if the _Unwind_Backtrace exist passed with the following output:
Change Dir: /home/project/cu_riscv32i_cycle_accurate/work/ia/llvm/build/CMakeFiles/CMakeTmp

Run Build Command(s):/contrib/bin/ninja cmTC_8d8ec && [1/2] Building C object CMakeFiles/cmTC_8d8ec.dir/CheckSymbolExists.c.o
[2/2] Linking C executable cmTC_8d8ec


File /home/project/cu_riscv32i_cycle_accurate/work/ia/llvm/build/CMakeFiles/CMakeTmp/CheckSymbolExists.c:
/* */
#include <unwind.h>

int main(int argc, char** argv)
{
  (void)argv;
#ifndef _Unwind_Backtrace
  return ((int*)(&_Unwind_Backtrace))[argc];
#else
  (void)argc;
  return 0;
#endif
}
Determining if the getpagesize exist passed with the following output:
Change Dir: /home/project/cu_riscv32i_cycle_accurate/work/ia/llvm/build/CMakeFiles/CMakeTmp

Run Build Command(s):/contrib/bin/ninja cmTC_9aa72 && [1/2] Building C object CMakeFiles/cmTC_9aa72.dir/CheckSymbolExists.c.o
[2/2] Linking C executable cmTC_9aa72


File /home/project/cu_riscv32i_cycle_accurate/work/ia/llvm/build/CMakeFiles/CMakeTmp/CheckSymbolExists.c:
/* */
#include <unistd.h>

int main(int argc, char** argv)
{
  (void)argv;
#ifndef getpagesize
  return ((int*)(&getpagesize))[argc];
#else
  (void)argc;
  return 0;
#endif
}
Determining if the sysconf exist passed with the following output:
Change Dir: /home/project/cu_riscv32i_cycle_accurate/work/ia/llvm/build/CMakeFiles/CMakeTmp

Run Build Command(s):/contrib/bin/ninja cmTC_243ff && [1/2] Building C object CMakeFiles/cmTC_243ff.dir/CheckSymbolExists.c.o
[2/2] Linking C executable cmTC_243ff


File /home/project/cu_riscv32i_cycle_accurate/work/ia/llvm/build/CMakeFiles/CMakeTmp/CheckSymbolExists.c:
/* */
#include <unistd.h>

int main(int argc, char** argv)
{
  (void)argv;
#ifndef sysconf
  return ((int*)(&sysconf))[argc];
#else
  (void)argc;
  return 0;
#endif
}
Determining if the getrusage exist passed with the following output:
Change Dir: /home/project/cu_riscv32i_cycle_accurate/work/ia/llvm/build/CMakeFiles/CMakeTmp

Run Build Command(s):/contrib/bin/ninja cmTC_ace2d && [1/2] Building C object CMakeFiles/cmTC_ace2d.dir/CheckSymbolExists.c.o
[2/2] Linking C executable cmTC_ace2d


File /home/project/cu_riscv32i_cycle_accurate/work/ia/llvm/build/CMakeFiles/CMakeTmp/CheckSymbolExists.c:
/* */
#include <sys/resource.h>

int main(int argc, char** argv)
{
  (void)argv;
#ifndef getrusage
  return ((int*)(&getrusage))[argc];
#else
  (void)argc;
  return 0;
#endif
}
Determining if the setrlimit exist passed with the following output:
Change Dir: /home/project/cu_riscv32i_cycle_accurate/work/ia/llvm/build/CMakeFiles/CMakeTmp

Run Build Command(s):/contrib/bin/ninja cmTC_5e627 && [1/2] Building C object CMakeFiles/cmTC_5e627.dir/CheckSymbolExists.c.o
[2/2] Linking C executable cmTC_5e627


File /home/project/cu_riscv32i_cycle_accurate/work/ia/llvm/build/CMakeFiles/CMakeTmp/CheckSymbolExists.c:
/* */
#include <sys/resource.h>

int main(int argc, char** argv)
{
  (void)argv;
#ifndef setrlimit
  return ((int*)(&setrlimit))[argc];
#else
  (void)argc;
  return 0;
#endif
}
Determining if the isatty exist passed with the following output:
Change Dir: /home/project/cu_riscv32i_cycle_accurate/work/ia/llvm/build/CMakeFiles/CMakeTmp

Run Build Command(s):/contrib/bin/ninja cmTC_4edb1 && [1/2] Building C object CMakeFiles/cmTC_4edb1.dir/CheckSymbolExists.c.o
[2/2] Linking C executable cmTC_4edb1


File /home/project/cu_riscv32i_cycle_accurate/work/ia/llvm/build/CMakeFiles/CMakeTmp/CheckSymbolExists.c:
/* */
#include <unistd.h>

int main(int argc, char** argv)
{
  (void)argv;
#ifndef isatty
  return ((int*)(&isatty))[argc];
#else
  (void)argc;
  return 0;
#endif
}
Determining if the futimens exist passed with the following output:
Change Dir: /home/project/cu_riscv32i_cycle_accurate/work/ia/llvm/build/CMakeFiles/CMakeTmp

Run Build Command(s):/contrib/bin/ninja cmTC_baaed && [1/2] Building C object CMakeFiles/cmTC_baaed.dir/CheckSymbolExists.c.o
[2/2] Linking C executable cmTC_baaed


File /home/project/cu_riscv32i_cycle_accurate/work/ia/llvm/build/CMakeFiles/CMakeTmp/CheckSymbolExists.c:
/* */
#include <sys/stat.h>

int main(int argc, char** argv)
{
  (void)argv;
#ifndef futimens
  return ((int*)(&futimens))[argc];
#else
  (void)argc;
  return 0;
#endif
}
Determining if the futimes exist passed with the following output:
Change Dir: /home/project/cu_riscv32i_cycle_accurate/work/ia/llvm/build/CMakeFiles/CMakeTmp

Run Build Command(s):/contrib/bin/ninja cmTC_42820 && [1/2] Building C object CMakeFiles/cmTC_42820.dir/CheckSymbolExists.c.o
[2/2] Linking C executable cmTC_42820


File /home/project/cu_riscv32i_cycle_accurate/work/ia/llvm/build/CMakeFiles/CMakeTmp/CheckSymbolExists.c:
/* */
#include <sys/time.h>

int main(int argc, char** argv)
{
  (void)argv;
#ifndef futimes
  return ((int*)(&futimes))[argc];
#else
  (void)argc;
  return 0;
#endif
}
Determining if the posix_fallocate exist passed with the following output:
Change Dir: /home/project/cu_riscv32i_cycle_accurate/work/ia/llvm/build/CMakeFiles/CMakeTmp

Run Build Command(s):/contrib/bin/ninja cmTC_19549 && [1/2] Building C object CMakeFiles/cmTC_19549.dir/CheckSymbolExists.c.o
[2/2] Linking C executable cmTC_19549


File /home/project/cu_riscv32i_cycle_accurate/work/ia/llvm/build/CMakeFiles/CMakeTmp/CheckSymbolExists.c:
/* */
#include <fcntl.h>

int main(int argc, char** argv)
{
  (void)argv;
#ifndef posix_fallocate
  return ((int*)(&posix_fallocate))[argc];
#else
  (void)argc;
  return 0;
#endif
}
Determining if the sigaltstack exist passed with the following output:
Change Dir: /home/project/cu_riscv32i_cycle_accurate/work/ia/llvm/build/CMakeFiles/CMakeTmp

Run Build Command(s):/contrib/bin/ninja cmTC_583d7 && [1/2] Building C object CMakeFiles/cmTC_583d7.dir/CheckSymbolExists.c.o
[2/2] Linking C executable cmTC_583d7


File /home/project/cu_riscv32i_cycle_accurate/work/ia/llvm/build/CMakeFiles/CMakeTmp/CheckSymbolExists.c:
/* */
#include <signal.h>

int main(int argc, char** argv)
{
  (void)argv;
#ifndef sigaltstack
  return ((int*)(&sigaltstack))[argc];
#else
  (void)argc;
  return 0;
#endif
}
Determining if the lseek64 exist passed with the following output:
Change Dir: /home/project/cu_riscv32i_cycle_accurate/work/ia/llvm/build/CMakeFiles/CMakeTmp

Run Build Command(s):/contrib/bin/ninja cmTC_95d5b && [1/2] Building C object CMakeFiles/cmTC_95d5b.dir/CheckSymbolExists.c.o
[2/2] Linking C executable cmTC_95d5b


File /home/project/cu_riscv32i_cycle_accurate/work/ia/llvm/build/CMakeFiles/CMakeTmp/CheckSymbolExists.c:
/* */
#include <sys/types.h>
#include <unistd.h>

int main(int argc, char** argv)
{
  (void)argv;
#ifndef lseek64
  return ((int*)(&lseek64))[argc];
#else
  (void)argc;
  return 0;
#endif
}
Determining if the mallinfo exist passed with the following output:
Change Dir: /home/project/cu_riscv32i_cycle_accurate/work/ia/llvm/build/CMakeFiles/CMakeTmp

Run Build Command(s):/contrib/bin/ninja cmTC_46614 && [1/2] Building C object CMakeFiles/cmTC_46614.dir/CheckSymbolExists.c.o
[2/2] Linking C executable cmTC_46614


File /home/project/cu_riscv32i_cycle_accurate/work/ia/llvm/build/CMakeFiles/CMakeTmp/CheckSymbolExists.c:
/* */
#include <malloc.h>

int main(int argc, char** argv)
{
  (void)argv;
#ifndef mallinfo
  return ((int*)(&mallinfo))[argc];
#else
  (void)argc;
  return 0;
#endif
}
Determining if the getrlimit exist passed with the following output:
Change Dir: /home/project/cu_riscv32i_cycle_accurate/work/ia/llvm/build/CMakeFiles/CMakeTmp

Run Build Command(s):/contrib/bin/ninja cmTC_a3cf1 && [1/2] Building C object CMakeFiles/cmTC_a3cf1.dir/CheckSymbolExists.c.o
[2/2] Linking C executable cmTC_a3cf1


File /home/project/cu_riscv32i_cycle_accurate/work/ia/llvm/build/CMakeFiles/CMakeTmp/CheckSymbolExists.c:
/* */
#include <sys/types.h>
#include <sys/time.h>
#include <sys/resource.h>

int main(int argc, char** argv)
{
  (void)argv;
#ifndef getrlimit
  return ((int*)(&getrlimit))[argc];
#else
  (void)argc;
  return 0;
#endif
}
Determining if the posix_spawn exist passed with the following output:
Change Dir: /home/project/cu_riscv32i_cycle_accurate/work/ia/llvm/build/CMakeFiles/CMakeTmp

Run Build Command(s):/contrib/bin/ninja cmTC_c9afa && [1/2] Building C object CMakeFiles/cmTC_c9afa.dir/CheckSymbolExists.c.o
[2/2] Linking C executable cmTC_c9afa


File /home/project/cu_riscv32i_cycle_accurate/work/ia/llvm/build/CMakeFiles/CMakeTmp/CheckSymbolExists.c:
/* */
#include <spawn.h>

int main(int argc, char** argv)
{
  (void)argv;
#ifndef posix_spawn
  return ((int*)(&posix_spawn))[argc];
#else
  (void)argc;
  return 0;
#endif
}
Determining if the pread exist passed with the following output:
Change Dir: /home/project/cu_riscv32i_cycle_accurate/work/ia/llvm/build/CMakeFiles/CMakeTmp

Run Build Command(s):/contrib/bin/ninja cmTC_08345 && [1/2] Building C object CMakeFiles/cmTC_08345.dir/CheckSymbolExists.c.o
[2/2] Linking C executable cmTC_08345


File /home/project/cu_riscv32i_cycle_accurate/work/ia/llvm/build/CMakeFiles/CMakeTmp/CheckSymbolExists.c:
/* */
#include <unistd.h>

int main(int argc, char** argv)
{
  (void)argv;
#ifndef pread
  return ((int*)(&pread))[argc];
#else
  (void)argc;
  return 0;
#endif
}
Determining if the sbrk exist passed with the following output:
Change Dir: /home/project/cu_riscv32i_cycle_accurate/work/ia/llvm/build/CMakeFiles/CMakeTmp

Run Build Command(s):/contrib/bin/ninja cmTC_2e22c && [1/2] Building C object CMakeFiles/cmTC_2e22c.dir/CheckSymbolExists.c.o
[2/2] Linking C executable cmTC_2e22c


File /home/project/cu_riscv32i_cycle_accurate/work/ia/llvm/build/CMakeFiles/CMakeTmp/CheckSymbolExists.c:
/* */
#include <unistd.h>

int main(int argc, char** argv)
{
  (void)argv;
#ifndef sbrk
  return ((int*)(&sbrk))[argc];
#else
  (void)argc;
  return 0;
#endif
}
Determining if the strerror exist passed with the following output:
Change Dir: /home/project/cu_riscv32i_cycle_accurate/work/ia/llvm/build/CMakeFiles/CMakeTmp

Run Build Command(s):/contrib/bin/ninja cmTC_92b76 && [1/2] Building C object CMakeFiles/cmTC_92b76.dir/CheckSymbolExists.c.o
[2/2] Linking C executable cmTC_92b76


File /home/project/cu_riscv32i_cycle_accurate/work/ia/llvm/build/CMakeFiles/CMakeTmp/CheckSymbolExists.c:
/* */
#include <string.h>

int main(int argc, char** argv)
{
  (void)argv;
#ifndef strerror
  return ((int*)(&strerror))[argc];
#else
  (void)argc;
  return 0;
#endif
}
Determining if the strerror_r exist passed with the following output:
Change Dir: /home/project/cu_riscv32i_cycle_accurate/work/ia/llvm/build/CMakeFiles/CMakeTmp

Run Build Command(s):/contrib/bin/ninja cmTC_73ca9 && [1/2] Building C object CMakeFiles/cmTC_73ca9.dir/CheckSymbolExists.c.o
[2/2] Linking C executable cmTC_73ca9


File /home/project/cu_riscv32i_cycle_accurate/work/ia/llvm/build/CMakeFiles/CMakeTmp/CheckSymbolExists.c:
/* */
#include <string.h>

int main(int argc, char** argv)
{
  (void)argv;
#ifndef strerror_r
  return ((int*)(&strerror_r))[argc];
#else
  (void)argc;
  return 0;
#endif
}
Determining if the setenv exist passed with the following output:
Change Dir: /home/project/cu_riscv32i_cycle_accurate/work/ia/llvm/build/CMakeFiles/CMakeTmp

Run Build Command(s):/contrib/bin/ninja cmTC_cef8d && [1/2] Building C object CMakeFiles/cmTC_cef8d.dir/CheckSymbolExists.c.o
[2/2] Linking C executable cmTC_cef8d


File /home/project/cu_riscv32i_cycle_accurate/work/ia/llvm/build/CMakeFiles/CMakeTmp/CheckSymbolExists.c:
/* */
#include <stdlib.h>

int main(int argc, char** argv)
{
  (void)argv;
#ifndef setenv
  return ((int*)(&setenv))[argc];
#else
  (void)argc;
  return 0;
#endif
}
Determining if the dlopen exist passed with the following output:
Change Dir: /home/project/cu_riscv32i_cycle_accurate/work/ia/llvm/build/CMakeFiles/CMakeTmp

Run Build Command(s):/contrib/bin/ninja cmTC_1108b && [1/2] Building C object CMakeFiles/cmTC_1108b.dir/CheckSymbolExists.c.o
[2/2] Linking C executable cmTC_1108b


File /home/project/cu_riscv32i_cycle_accurate/work/ia/llvm/build/CMakeFiles/CMakeTmp/CheckSymbolExists.c:
/* */
#include <dlfcn.h>

int main(int argc, char** argv)
{
  (void)argv;
#ifndef dlopen
  return ((int*)(&dlopen))[argc];
#else
  (void)argc;
  return 0;
#endif
}
Performing C SOURCE FILE Test HAVE_STRUCT_STAT_ST_MTIM_TV_NSEC succeeded with the following output:
Change Dir: /home/project/cu_riscv32i_cycle_accurate/work/ia/llvm/build/CMakeFiles/CMakeTmp

Run Build Command(s):/contrib/bin/ninja cmTC_e3513 && [1/2] Building C object CMakeFiles/cmTC_e3513.dir/src.c.o
[2/2] Linking C executable cmTC_e3513


Source file was:

#include <sys/types.h>
#include <sys/stat.h>

int main()
{
  (void)sizeof(((struct stat *)0)->st_mtim.tv_nsec);
  return 0;
}

Determining if the __GLIBC__ exist passed with the following output:
Change Dir: /home/project/cu_riscv32i_cycle_accurate/work/ia/llvm/build/CMakeFiles/CMakeTmp

Run Build Command(s):/contrib/bin/ninja cmTC_18f63 && [1/2] Building C object CMakeFiles/cmTC_18f63.dir/CheckSymbolExists.c.o
[2/2] Linking C executable cmTC_18f63


File /home/project/cu_riscv32i_cycle_accurate/work/ia/llvm/build/CMakeFiles/CMakeTmp/CheckSymbolExists.c:
/* */
#include <stdio.h>

int main(int argc, char** argv)
{
  (void)argv;
#ifndef __GLIBC__
  return ((int*)(&__GLIBC__))[argc];
#else
  (void)argc;
  return 0;
#endif
}
Determining if the sched_getaffinity exist passed with the following output:
Change Dir: /home/project/cu_riscv32i_cycle_accurate/work/ia/llvm/build/CMakeFiles/CMakeTmp

Run Build Command(s):/contrib/bin/ninja cmTC_ec072 && [1/2] Building C object CMakeFiles/cmTC_ec072.dir/CheckSymbolExists.c.o
[2/2] Linking C executable cmTC_ec072


File /home/project/cu_riscv32i_cycle_accurate/work/ia/llvm/build/CMakeFiles/CMakeTmp/CheckSymbolExists.c:
/* */
#include <sched.h>

int main(int argc, char** argv)
{
  (void)argv;
#ifndef sched_getaffinity
  return ((int*)(&sched_getaffinity))[argc];
#else
  (void)argc;
  return 0;
#endif
}
Determining if the CPU_COUNT exist passed with the following output:
Change Dir: /home/project/cu_riscv32i_cycle_accurate/work/ia/llvm/build/CMakeFiles/CMakeTmp

Run Build Command(s):/contrib/bin/ninja cmTC_38ca2 && [1/2] Building C object CMakeFiles/cmTC_38ca2.dir/CheckSymbolExists.c.o
[2/2] Linking C executable cmTC_38ca2


File /home/project/cu_riscv32i_cycle_accurate/work/ia/llvm/build/CMakeFiles/CMakeTmp/CheckSymbolExists.c:
/* */
#include <sched.h>

int main(int argc, char** argv)
{
  (void)argv;
#ifndef CPU_COUNT
  return ((int*)(&CPU_COUNT))[argc];
#else
  (void)argc;
  return 0;
#endif
}
Determining if the pthread_getname_np exist passed with the following output:
Change Dir: /home/project/cu_riscv32i_cycle_accurate/work/ia/llvm/build/CMakeFiles/CMakeTmp

Run Build Command(s):/contrib/bin/ninja cmTC_4e5fe && [1/2] Building C object CMakeFiles/cmTC_4e5fe.dir/CheckSymbolExists.c.o
[2/2] Linking C executable cmTC_4e5fe


File /home/project/cu_riscv32i_cycle_accurate/work/ia/llvm/build/CMakeFiles/CMakeTmp/CheckSymbolExists.c:
/* */
#include <pthread.h>

int main(int argc, char** argv)
{
  (void)argv;
#ifndef pthread_getname_np
  return ((int*)(&pthread_getname_np))[argc];
#else
  (void)argc;
  return 0;
#endif
}
Determining if the pthread_setname_np exist passed with the following output:
Change Dir: /home/project/cu_riscv32i_cycle_accurate/work/ia/llvm/build/CMakeFiles/CMakeTmp

Run Build Command(s):/contrib/bin/ninja cmTC_de69f && [1/2] Building C object CMakeFiles/cmTC_de69f.dir/CheckSymbolExists.c.o
[2/2] Linking C executable cmTC_de69f


File /home/project/cu_riscv32i_cycle_accurate/work/ia/llvm/build/CMakeFiles/CMakeTmp/CheckSymbolExists.c:
/* */
#include <pthread.h>

int main(int argc, char** argv)
{
  (void)argv;
#ifndef pthread_setname_np
  return ((int*)(&pthread_setname_np))[argc];
#else
  (void)argc;
  return 0;
#endif
}
Performing C++ SOURCE FILE Test HAVE_STD_IS_TRIVIALLY_COPYABLE succeeded with the following output:
Change Dir: /home/project/cu_riscv32i_cycle_accurate/work/ia/llvm/build/CMakeFiles/CMakeTmp

Run Build Command(s):/contrib/bin/ninja cmTC_94867 && [1/2] Building CXX object CMakeFiles/cmTC_94867.dir/src.cxx.o
[2/2] Linking CXX executable cmTC_94867


Source file was:

#include <type_traits>
struct T { int val; };
static_assert(std::is_trivially_copyable<T>::value, "ok");
int main() { return 0;}

Performing C++ SOURCE FILE Test HAVE_CXX_ATOMICS_WITHOUT_LIB succeeded with the following output:
Change Dir: /home/project/cu_riscv32i_cycle_accurate/work/ia/llvm/build/CMakeFiles/CMakeTmp

Run Build Command(s):/contrib/bin/ninja cmTC_7bec2 && [1/2] Building CXX object CMakeFiles/cmTC_7bec2.dir/src.cxx.o
[2/2] Linking CXX executable cmTC_7bec2


Source file was:

#include <atomic>
std::atomic<int> x;
int main() {
  return x;
}

Performing C++ SOURCE FILE Test HAVE_CXX_ATOMICS64_WITHOUT_LIB succeeded with the following output:
Change Dir: /home/project/cu_riscv32i_cycle_accurate/work/ia/llvm/build/CMakeFiles/CMakeTmp

Run Build Command(s):/contrib/bin/ninja cmTC_5f4cb && [1/2] Building CXX object CMakeFiles/cmTC_5f4cb.dir/src.cxx.o
[2/2] Linking CXX executable cmTC_5f4cb


Source file was:

#include <atomic>
#include <cstdint>
std::atomic<uint64_t> x (0);
int main() {
  uint64_t i = x.load(std::memory_order_relaxed);
  return 0;
}

Performing C++ SOURCE FILE Test LLVM_HAS_ATOMICS succeeded with the following output:
Change Dir: /home/project/cu_riscv32i_cycle_accurate/work/ia/llvm/build/CMakeFiles/CMakeTmp

Run Build Command(s):/contrib/bin/ninja cmTC_ab37d && [1/2] Building CXX object CMakeFiles/cmTC_ab37d.dir/src.cxx.o
[2/2] Linking CXX executable cmTC_ab37d


Source file was:

#ifdef _MSC_VER
#include <windows.h>
#endif
int main() {
#ifdef _MSC_VER
        volatile LONG val = 1;
        MemoryBarrier();
        InterlockedCompareExchange(&val, 0, 1);
        InterlockedIncrement(&val);
        InterlockedDecrement(&val);
#else
        volatile unsigned long val = 1;
        __sync_synchronize();
        __sync_val_compare_and_swap(&val, 1, 0);
        __sync_add_and_fetch(&val, 1);
        __sync_sub_and_fetch(&val, 1);
#endif
        return 0;
      }

Performing C++ SOURCE FILE Test SUPPORTS_VARIADIC_MACROS_FLAG succeeded with the following output:
Change Dir: /home/project/cu_riscv32i_cycle_accurate/work/ia/llvm/build/CMakeFiles/CMakeTmp

Run Build Command(s):/contrib/bin/ninja cmTC_2e247 && [1/2] Building CXX object CMakeFiles/cmTC_2e247.dir/src.cxx.o
[2/2] Linking CXX executable cmTC_2e247


Source file was:
int main() { return 0; }
Performing C++ SOURCE FILE Test HAS_MAYBE_UNINITIALIZED succeeded with the following output:
Change Dir: /home/project/cu_riscv32i_cycle_accurate/work/ia/llvm/build/CMakeFiles/CMakeTmp

Run Build Command(s):/contrib/bin/ninja cmTC_7d4d9 && [1/2] Building CXX object CMakeFiles/cmTC_7d4d9.dir/src.cxx.o
[2/2] Linking CXX executable cmTC_7d4d9


Source file was:
int main() { return 0; }
Performing C SOURCE FILE Test C_SUPPORTS_FPIC succeeded with the following output:
Change Dir: /home/project/cu_riscv32i_cycle_accurate/work/ia/llvm/build/CMakeFiles/CMakeTmp

Run Build Command(s):/contrib/bin/ninja cmTC_60bed && [1/2] Building C object CMakeFiles/cmTC_60bed.dir/src.c.o
[2/2] Linking C executable cmTC_60bed


Source file was:
int main(void) { return 0; }
Performing C++ SOURCE FILE Test CXX_SUPPORTS_FPIC succeeded with the following output:
Change Dir: /home/project/cu_riscv32i_cycle_accurate/work/ia/llvm/build/CMakeFiles/CMakeTmp

Run Build Command(s):/contrib/bin/ninja cmTC_56320 && [1/2] Building CXX object CMakeFiles/cmTC_56320.dir/src.cxx.o
[2/2] Linking CXX executable cmTC_56320


Source file was:
int main() { return 0; }
Performing C++ SOURCE FILE Test SUPPORTS_FVISIBILITY_INLINES_HIDDEN_FLAG succeeded with the following output:
Change Dir: /home/project/cu_riscv32i_cycle_accurate/work/ia/llvm/build/CMakeFiles/CMakeTmp

Run Build Command(s):/contrib/bin/ninja cmTC_130f0 && [1/2] Building CXX object CMakeFiles/cmTC_130f0.dir/src.cxx.o
[2/2] Linking CXX executable cmTC_130f0


Source file was:
int main() { return 0; }
Performing C SOURCE FILE Test C_SUPPORTS_WERROR_DATE_TIME succeeded with the following output:
Change Dir: /home/project/cu_riscv32i_cycle_accurate/work/ia/llvm/build/CMakeFiles/CMakeTmp

Run Build Command(s):/contrib/bin/ninja cmTC_7b9cd && [1/2] Building C object CMakeFiles/cmTC_7b9cd.dir/src.c.o
[2/2] Linking C executable cmTC_7b9cd


Source file was:
int main(void) { return 0; }
Performing C++ SOURCE FILE Test CXX_SUPPORTS_WERROR_DATE_TIME succeeded with the following output:
Change Dir: /home/project/cu_riscv32i_cycle_accurate/work/ia/llvm/build/CMakeFiles/CMakeTmp

Run Build Command(s):/contrib/bin/ninja cmTC_0db53 && [1/2] Building CXX object CMakeFiles/cmTC_0db53.dir/src.cxx.o
[2/2] Linking CXX executable cmTC_0db53


Source file was:
int main() { return 0; }
Performing C++ SOURCE FILE Test CXX_SUPPORTS_CXX_STD succeeded with the following output:
Change Dir: /home/project/cu_riscv32i_cycle_accurate/work/ia/llvm/build/CMakeFiles/CMakeTmp

Run Build Command(s):/contrib/bin/ninja cmTC_272d3 && [1/2] Building CXX object CMakeFiles/cmTC_272d3.dir/src.cxx.o
[2/2] Linking CXX executable cmTC_272d3


Source file was:
int main() { return 0; }
Performing C++ SOURCE FILE Test CXX_SUPPORTS_MISSING_FIELD_INITIALIZERS_FLAG succeeded with the following output:
Change Dir: /home/project/cu_riscv32i_cycle_accurate/work/ia/llvm/build/CMakeFiles/CMakeTmp

Run Build Command(s):/contrib/bin/ninja cmTC_653a7 && [1/2] Building CXX object CMakeFiles/cmTC_653a7.dir/src.cxx.o
[2/2] Linking CXX executable cmTC_653a7


Source file was:
int main() { return 0; }
Performing C SOURCE FILE Test C_SUPPORTS_IMPLICIT_FALLTHROUGH_FLAG succeeded with the following output:
Change Dir: /home/project/cu_riscv32i_cycle_accurate/work/ia/llvm/build/CMakeFiles/CMakeTmp

Run Build Command(s):/contrib/bin/ninja cmTC_e5a28 && [1/2] Building C object CMakeFiles/cmTC_e5a28.dir/src.c.o
[2/2] Linking C executable cmTC_e5a28


Source file was:
int main(void) { return 0; }
Performing C++ SOURCE FILE Test CXX_SUPPORTS_IMPLICIT_FALLTHROUGH_FLAG succeeded with the following output:
Change Dir: /home/project/cu_riscv32i_cycle_accurate/work/ia/llvm/build/CMakeFiles/CMakeTmp

Run Build Command(s):/contrib/bin/ninja cmTC_9dcb1 && [1/2] Building CXX object CMakeFiles/cmTC_9dcb1.dir/src.cxx.o
[2/2] Linking CXX executable cmTC_9dcb1


Source file was:
int main() { return 0; }
Performing C++ SOURCE FILE Test CXX_SUPPORTS_NOEXCEPT_TYPE_FLAG succeeded with the following output:
Change Dir: /home/project/cu_riscv32i_cycle_accurate/work/ia/llvm/build/CMakeFiles/CMakeTmp

Run Build Command(s):/contrib/bin/ninja cmTC_46630 && [1/2] Building CXX object CMakeFiles/cmTC_46630.dir/src.cxx.o
[2/2] Linking CXX executable cmTC_46630


Source file was:
int main() { return 0; }
Performing C++ SOURCE FILE Test CXX_SUPPORTS_DELETE_NON_VIRTUAL_DTOR_FLAG succeeded with the following output:
Change Dir: /home/project/cu_riscv32i_cycle_accurate/work/ia/llvm/build/CMakeFiles/CMakeTmp

Run Build Command(s):/contrib/bin/ninja cmTC_f2c73 && [1/2] Building CXX object CMakeFiles/cmTC_f2c73.dir/src.cxx.o
[2/2] Linking CXX executable cmTC_f2c73


Source file was:
int main() { return 0; }
Performing C SOURCE FILE Test C_SUPPORTS_FNO_FUNCTION_SECTIONS succeeded with the following output:
Change Dir: /home/project/cu_riscv32i_cycle_accurate/work/ia/llvm/build/CMakeFiles/CMakeTmp

Run Build Command(s):/contrib/bin/ninja cmTC_d6f15 && [1/2] Building C object CMakeFiles/cmTC_d6f15.dir/src.c.o
[2/2] Linking C executable cmTC_d6f15


Source file was:
int main(void) { return 0; }
Performing C SOURCE FILE Test C_SUPPORTS_FFUNCTION_SECTIONS succeeded with the following output:
Change Dir: /home/project/cu_riscv32i_cycle_accurate/work/ia/llvm/build/CMakeFiles/CMakeTmp

Run Build Command(s):/contrib/bin/ninja cmTC_aa9bd && [1/2] Building C object CMakeFiles/cmTC_aa9bd.dir/src.c.o
[2/2] Linking C executable cmTC_aa9bd


Source file was:
int main(void) { return 0; }
Performing C++ SOURCE FILE Test CXX_SUPPORTS_FFUNCTION_SECTIONS succeeded with the following output:
Change Dir: /home/project/cu_riscv32i_cycle_accurate/work/ia/llvm/build/CMakeFiles/CMakeTmp

Run Build Command(s):/contrib/bin/ninja cmTC_0093a && [1/2] Building CXX object CMakeFiles/cmTC_0093a.dir/src.cxx.o
[2/2] Linking CXX executable cmTC_0093a


Source file was:
int main() { return 0; }
Performing C SOURCE FILE Test C_SUPPORTS_FDATA_SECTIONS succeeded with the following output:
Change Dir: /home/project/cu_riscv32i_cycle_accurate/work/ia/llvm/build/CMakeFiles/CMakeTmp

Run Build Command(s):/contrib/bin/ninja cmTC_c66bc && [1/2] Building C object CMakeFiles/cmTC_c66bc.dir/src.c.o
[2/2] Linking C executable cmTC_c66bc


Source file was:
int main(void) { return 0; }
Performing C++ SOURCE FILE Test CXX_SUPPORTS_FDATA_SECTIONS succeeded with the following output:
Change Dir: /home/project/cu_riscv32i_cycle_accurate/work/ia/llvm/build/CMakeFiles/CMakeTmp

Run Build Command(s):/contrib/bin/ninja cmTC_55109 && [1/2] Building CXX object CMakeFiles/cmTC_55109.dir/src.cxx.o
[2/2] Linking CXX executable cmTC_55109


Source file was:
int main() { return 0; }
